<?xml version="1.0" encoding="UTF-8"?>
<testsuite xmlns:xsi="http://www.w3.org/2001/XMLSchema-instance" xsi:noNamespaceSchemaLocation="https://maven.apache.org/surefire/maven-surefire-plugin/xsd/surefire-test-report-3.0.xsd" version="3.0" name="com.reddot.stats.security.jwt.JWTFilterTest" time="8.438" tests="5" errors="0" skipped="0" failures="0">
  <properties>
    <property name="sun.desktop" value="windows"/>
    <property name="awt.toolkit" value="sun.awt.windows.WToolkit"/>
    <property name="java.specification.version" value="11"/>
    <property name="sun.cpu.isalist" value="amd64"/>
    <property name="sun.jnu.encoding" value="Cp1252"/>
    <property name="java.class.path" value="C:\Users\Nicolas\Desktop\test6\statsService\target\test-classes;C:\Users\Nicolas\Desktop\test6\statsService\target\classes;C:\Users\Nicolas\.m2\repository\org\apache\camel\camel-jackson\3.12.0\camel-jackson-3.12.0.jar;C:\Users\Nicolas\.m2\repository\org\apache\camel\camel-core-engine\3.12.0\camel-core-engine-3.12.0.jar;C:\Users\Nicolas\.m2\repository\org\apache\camel\camel-api\3.12.0\camel-api-3.12.0.jar;C:\Users\Nicolas\.m2\repository\org\apache\camel\camel-base-engine\3.12.0\camel-base-engine-3.12.0.jar;C:\Users\Nicolas\.m2\repository\org\apache\camel\camel-base\3.12.0\camel-base-3.12.0.jar;C:\Users\Nicolas\.m2\repository\org\apache\camel\camel-core-reifier\3.12.0\camel-core-reifier-3.12.0.jar;C:\Users\Nicolas\.m2\repository\org\apache\camel\camel-core-model\3.12.0\camel-core-model-3.12.0.jar;C:\Users\Nicolas\.m2\repository\org\apache\camel\camel-core-processor\3.12.0\camel-core-processor-3.12.0.jar;C:\Users\Nicolas\.m2\repository\org\apache\camel\camel-management-api\3.12.0\camel-management-api-3.12.0.jar;C:\Users\Nicolas\.m2\repository\org\apache\camel\camel-support\3.12.0\camel-support-3.12.0.jar;C:\Users\Nicolas\.m2\repository\org\apache\camel\camel-util\3.12.0\camel-util-3.12.0.jar;C:\Users\Nicolas\.m2\repository\com\fasterxml\jackson\core\jackson-databind\2.12.5\jackson-databind-2.12.5.jar;C:\Users\Nicolas\.m2\repository\org\apache\camel\springboot\camel-spring-boot-starter\3.12.0\camel-spring-boot-starter-3.12.0.jar;C:\Users\Nicolas\.m2\repository\org\springframework\boot\spring-boot-starter\2.5.5\spring-boot-starter-2.5.5.jar;C:\Users\Nicolas\.m2\repository\jakarta\annotation\jakarta.annotation-api\1.3.5\jakarta.annotation-api-1.3.5.jar;C:\Users\Nicolas\.m2\repository\org\yaml\snakeyaml\1.28\snakeyaml-1.28.jar;C:\Users\Nicolas\.m2\repository\org\apache\camel\springboot\camel-spring-boot\3.12.0\camel-spring-boot-3.12.0.jar;C:\Users\Nicolas\.m2\repository\org\apache\camel\camel-spring\3.12.0\camel-spring-3.12.0.jar;C:\Users\Nicolas\.m2\repository\org\apache\camel\camel-spring-main\3.12.0\camel-spring-main-3.12.0.jar;C:\Users\Nicolas\.m2\repository\org\apache\camel\camel-main\3.12.0\camel-main-3.12.0.jar;C:\Users\Nicolas\.m2\repository\org\apache\camel\camel-core-languages\3.12.0\camel-core-languages-3.12.0.jar;C:\Users\Nicolas\.m2\repository\org\apache\camel\camel-xml-jaxb-dsl\3.12.0\camel-xml-jaxb-dsl-3.12.0.jar;C:\Users\Nicolas\.m2\repository\org\apache\camel\camel-xml-jaxb\3.12.0\camel-xml-jaxb-3.12.0.jar;C:\Users\Nicolas\.m2\repository\com\sun\xml\bind\jaxb-core\2.3.0\jaxb-core-2.3.0.jar;C:\Users\Nicolas\.m2\repository\com\sun\xml\bind\jaxb-impl\2.3.3\jaxb-impl-2.3.3.jar;C:\Users\Nicolas\.m2\repository\org\apache\camel\camel-dsl-support\3.12.0\camel-dsl-support-3.12.0.jar;C:\Users\Nicolas\.m2\repository\org\apache\camel\camel-endpointdsl\3.12.0\camel-endpointdsl-3.12.0.jar;C:\Users\Nicolas\.m2\repository\org\apache\camel\camel-spring-xml\3.12.0\camel-spring-xml-3.12.0.jar;C:\Users\Nicolas\.m2\repository\org\apache\camel\camel-core-xml\3.12.0\camel-core-xml-3.12.0.jar;C:\Users\Nicolas\.m2\repository\org\apache\camel\camel-cloud\3.12.0\camel-cloud-3.12.0.jar;C:\Users\Nicolas\.m2\repository\org\apache\camel\camel-cluster\3.12.0\camel-cluster-3.12.0.jar;C:\Users\Nicolas\.m2\repository\org\apache\camel\camel-health\3.12.0\camel-health-3.12.0.jar;C:\Users\Nicolas\.m2\repository\org\apache\camel\springboot\camel-core-starter\3.12.0\camel-core-starter-3.12.0.jar;C:\Users\Nicolas\.m2\repository\org\apache\camel\springboot\camel-bean-starter\3.12.0\camel-bean-starter-3.12.0.jar;C:\Users\Nicolas\.m2\repository\org\apache\camel\camel-bean\3.12.0\camel-bean-3.12.0.jar;C:\Users\Nicolas\.m2\repository\org\apache\camel\springboot\camel-browse-starter\3.12.0\camel-browse-starter-3.12.0.jar;C:\Users\Nicolas\.m2\repository\org\apache\camel\camel-browse\3.12.0\camel-browse-3.12.0.jar;C:\Users\Nicolas\.m2\repository\org\apache\camel\springboot\camel-controlbus-starter\3.12.0\camel-controlbus-starter-3.12.0.jar;C:\Users\Nicolas\.m2\repository\org\apache\camel\camel-controlbus\3.12.0\camel-controlbus-3.12.0.jar;C:\Users\Nicolas\.m2\repository\org\apache\camel\springboot\camel-dataformat-starter\3.12.0\camel-dataformat-starter-3.12.0.jar;C:\Users\Nicolas\.m2\repository\org\apache\camel\camel-dataformat\3.12.0\camel-dataformat-3.12.0.jar;C:\Users\Nicolas\.m2\repository\org\apache\camel\springboot\camel-dataset-starter\3.12.0\camel-dataset-starter-3.12.0.jar;C:\Users\Nicolas\.m2\repository\org\apache\camel\camel-dataset\3.12.0\camel-dataset-3.12.0.jar;C:\Users\Nicolas\.m2\repository\org\apache\camel\springboot\camel-direct-starter\3.12.0\camel-direct-starter-3.12.0.jar;C:\Users\Nicolas\.m2\repository\org\apache\camel\camel-direct\3.12.0\camel-direct-3.12.0.jar;C:\Users\Nicolas\.m2\repository\org\apache\camel\springboot\camel-directvm-starter\3.12.0\camel-directvm-starter-3.12.0.jar;C:\Users\Nicolas\.m2\repository\org\apache\camel\camel-directvm\3.12.0\camel-directvm-3.12.0.jar;C:\Users\Nicolas\.m2\repository\org\apache\camel\springboot\camel-file-starter\3.12.0\camel-file-starter-3.12.0.jar;C:\Users\Nicolas\.m2\repository\org\apache\camel\camel-file\3.12.0\camel-file-3.12.0.jar;C:\Users\Nicolas\.m2\repository\org\apache\camel\springboot\camel-language-starter\3.12.0\camel-language-starter-3.12.0.jar;C:\Users\Nicolas\.m2\repository\org\apache\camel\camel-language\3.12.0\camel-language-3.12.0.jar;C:\Users\Nicolas\.m2\repository\org\apache\camel\springboot\camel-log-starter\3.12.0\camel-log-starter-3.12.0.jar;C:\Users\Nicolas\.m2\repository\org\apache\camel\camel-log\3.12.0\camel-log-3.12.0.jar;C:\Users\Nicolas\.m2\repository\org\apache\camel\springboot\camel-mock-starter\3.12.0\camel-mock-starter-3.12.0.jar;C:\Users\Nicolas\.m2\repository\org\apache\camel\camel-mock\3.12.0\camel-mock-3.12.0.jar;C:\Users\Nicolas\.m2\repository\org\apache\camel\springboot\camel-ref-starter\3.12.0\camel-ref-starter-3.12.0.jar;C:\Users\Nicolas\.m2\repository\org\apache\camel\camel-ref\3.12.0\camel-ref-3.12.0.jar;C:\Users\Nicolas\.m2\repository\org\apache\camel\springboot\camel-rest-starter\3.12.0\camel-rest-starter-3.12.0.jar;C:\Users\Nicolas\.m2\repository\org\apache\camel\camel-rest\3.12.0\camel-rest-3.12.0.jar;C:\Users\Nicolas\.m2\repository\org\apache\camel\camel-tooling-model\3.12.0\camel-tooling-model-3.12.0.jar;C:\Users\Nicolas\.m2\repository\org\apache\camel\camel-util-json\3.12.0\camel-util-json-3.12.0.jar;C:\Users\Nicolas\.m2\repository\org\apache\camel\springboot\camel-saga-starter\3.12.0\camel-saga-starter-3.12.0.jar;C:\Users\Nicolas\.m2\repository\org\apache\camel\camel-saga\3.12.0\camel-saga-3.12.0.jar;C:\Users\Nicolas\.m2\repository\org\apache\camel\springboot\camel-scheduler-starter\3.12.0\camel-scheduler-starter-3.12.0.jar;C:\Users\Nicolas\.m2\repository\org\apache\camel\camel-scheduler\3.12.0\camel-scheduler-3.12.0.jar;C:\Users\Nicolas\.m2\repository\org\apache\camel\springboot\camel-seda-starter\3.12.0\camel-seda-starter-3.12.0.jar;C:\Users\Nicolas\.m2\repository\org\apache\camel\camel-seda\3.12.0\camel-seda-3.12.0.jar;C:\Users\Nicolas\.m2\repository\org\apache\camel\springboot\camel-stub-starter\3.12.0\camel-stub-starter-3.12.0.jar;C:\Users\Nicolas\.m2\repository\org\apache\camel\camel-stub\3.12.0\camel-stub-3.12.0.jar;C:\Users\Nicolas\.m2\repository\org\apache\camel\springboot\camel-timer-starter\3.12.0\camel-timer-starter-3.12.0.jar;C:\Users\Nicolas\.m2\repository\org\apache\camel\camel-timer\3.12.0\camel-timer-3.12.0.jar;C:\Users\Nicolas\.m2\repository\org\apache\camel\springboot\camel-validator-starter\3.12.0\camel-validator-starter-3.12.0.jar;C:\Users\Nicolas\.m2\repository\org\apache\camel\camel-validator\3.12.0\camel-validator-3.12.0.jar;C:\Users\Nicolas\.m2\repository\org\apache\camel\springboot\camel-vm-starter\3.12.0\camel-vm-starter-3.12.0.jar;C:\Users\Nicolas\.m2\repository\org\apache\camel\camel-vm\3.12.0\camel-vm-3.12.0.jar;C:\Users\Nicolas\.m2\repository\org\apache\camel\springboot\camel-xpath-starter\3.12.0\camel-xpath-starter-3.12.0.jar;C:\Users\Nicolas\.m2\repository\org\apache\camel\camel-xpath\3.12.0\camel-xpath-3.12.0.jar;C:\Users\Nicolas\.m2\repository\org\apache\camel\springboot\camel-xslt-starter\3.12.0\camel-xslt-starter-3.12.0.jar;C:\Users\Nicolas\.m2\repository\org\apache\camel\camel-xslt\3.12.0\camel-xslt-3.12.0.jar;C:\Users\Nicolas\.m2\repository\org\apache\camel\springboot\camel-xml-jaxp-starter\3.12.0\camel-xml-jaxp-starter-3.12.0.jar;C:\Users\Nicolas\.m2\repository\org\apache\camel\camel-xml-jaxp\3.12.0\camel-xml-jaxp-3.12.0.jar;C:\Users\Nicolas\.m2\repository\org\apache\camel\camel-xml-io-util\3.12.0\camel-xml-io-util-3.12.0.jar;C:\Users\Nicolas\.m2\repository\org\apache\camel\springboot\camel-activemq-starter\3.12.0\camel-activemq-starter-3.12.0.jar;C:\Users\Nicolas\.m2\repository\org\apache\camel\camel-activemq\3.12.0\camel-activemq-3.12.0.jar;C:\Users\Nicolas\.m2\repository\org\apache\activemq\activemq-spring\5.16.3\activemq-spring-5.16.3.jar;C:\Users\Nicolas\.m2\repository\org\apache\xbean\xbean-spring\4.20\xbean-spring-4.20.jar;C:\Users\Nicolas\.m2\repository\org\apache\activemq\activemq-broker\5.16.3\activemq-broker-5.16.3.jar;C:\Users\Nicolas\.m2\repository\org\apache\activemq\activemq-openwire-legacy\5.16.3\activemq-openwire-legacy-5.16.3.jar;C:\Users\Nicolas\.m2\repository\org\apache\geronimo\specs\geronimo-jta_1.1_spec\1.1.1\geronimo-jta_1.1_spec-1.1.1.jar;C:\Users\Nicolas\.m2\repository\org\apache\commons\commons-pool2\2.9.0\commons-pool2-2.9.0.jar;C:\Users\Nicolas\.m2\repository\org\apache\activemq\activemq-pool\5.16.3\activemq-pool-5.16.3.jar;C:\Users\Nicolas\.m2\repository\org\apache\activemq\activemq-jms-pool\5.16.3\activemq-jms-pool-5.16.3.jar;C:\Users\Nicolas\.m2\repository\org\apache\geronimo\specs\geronimo-jms_1.1_spec\1.1.1\geronimo-jms_1.1_spec-1.1.1.jar;C:\Users\Nicolas\.m2\repository\org\apache\activemq\activemq-client\5.16.3\activemq-client-5.16.3.jar;C:\Users\Nicolas\.m2\repository\org\fusesource\hawtbuf\hawtbuf\1.11\hawtbuf-1.11.jar;C:\Users\Nicolas\.m2\repository\org\apache\geronimo\specs\geronimo-j2ee-management_1.1_spec\1.0.1\geronimo-j2ee-management_1.1_spec-1.0.1.jar;C:\Users\Nicolas\.m2\repository\org\apache\camel\camel-jms\3.12.0\camel-jms-3.12.0.jar;C:\Users\Nicolas\.m2\repository\org\springframework\spring-jms\5.3.10\spring-jms-5.3.10.jar;C:\Users\Nicolas\.m2\repository\org\springframework\spring-messaging\5.3.10\spring-messaging-5.3.10.jar;C:\Users\Nicolas\.m2\repository\org\springframework\spring-context\5.3.10\spring-context-5.3.10.jar;C:\Users\Nicolas\.m2\repository\org\springframework\spring-tx\5.3.10\spring-tx-5.3.10.jar;C:\Users\Nicolas\.m2\repository\org\springframework\spring-beans\5.3.10\spring-beans-5.3.10.jar;C:\Users\Nicolas\.m2\repository\org\apache\geronimo\specs\geronimo-jms_2.0_spec\1.0-alpha-2\geronimo-jms_2.0_spec-1.0-alpha-2.jar;C:\Users\Nicolas\.m2\repository\tech\jhipster\jhipster-framework\7.3.1\jhipster-framework-7.3.1.jar;C:\Users\Nicolas\.m2\repository\org\springframework\spring-context-support\5.3.10\spring-context-support-5.3.10.jar;C:\Users\Nicolas\.m2\repository\org\springframework\boot\spring-boot-starter-validation\2.5.5\spring-boot-starter-validation-2.5.5.jar;C:\Users\Nicolas\.m2\repository\org\springframework\boot\spring-boot-autoconfigure\2.5.5\spring-boot-autoconfigure-2.5.5.jar;C:\Users\Nicolas\.m2\repository\org\springframework\boot\spring-boot-starter-aop\2.5.5\spring-boot-starter-aop-2.5.5.jar;C:\Users\Nicolas\.m2\repository\org\aspectj\aspectjweaver\1.9.7\aspectjweaver-1.9.7.jar;C:\Users\Nicolas\.m2\repository\net\logstash\logback\logstash-logback-encoder\6.6\logstash-logback-encoder-6.6.jar;C:\Users\Nicolas\.m2\repository\javax\annotation\javax.annotation-api\1.3.2\javax.annotation-api-1.3.2.jar;C:\Users\Nicolas\.m2\repository\org\springframework\boot\spring-boot-starter-cache\2.5.5\spring-boot-starter-cache-2.5.5.jar;C:\Users\Nicolas\.m2\repository\com\fasterxml\jackson\module\jackson-module-jaxb-annotations\2.12.5\jackson-module-jaxb-annotations-2.12.5.jar;C:\Users\Nicolas\.m2\repository\com\fasterxml\jackson\core\jackson-annotations\2.12.5\jackson-annotations-2.12.5.jar;C:\Users\Nicolas\.m2\repository\com\fasterxml\jackson\core\jackson-core\2.12.5\jackson-core-2.12.5.jar;C:\Users\Nicolas\.m2\repository\jakarta\xml\bind\jakarta.xml.bind-api\2.3.3\jakarta.xml.bind-api-2.3.3.jar;C:\Users\Nicolas\.m2\repository\jakarta\activation\jakarta.activation-api\1.2.2\jakarta.activation-api-1.2.2.jar;C:\Users\Nicolas\.m2\repository\com\fasterxml\jackson\datatype\jackson-datatype-hibernate5\2.12.5\jackson-datatype-hibernate5-2.12.5.jar;C:\Users\Nicolas\.m2\repository\javax\transaction\javax.transaction-api\1.3\javax.transaction-api-1.3.jar;C:\Users\Nicolas\.m2\repository\com\fasterxml\jackson\datatype\jackson-datatype-hppc\2.12.5\jackson-datatype-hppc-2.12.5.jar;C:\Users\Nicolas\.m2\repository\com\carrotsearch\hppc\0.8.1\hppc-0.8.1.jar;C:\Users\Nicolas\.m2\repository\com\fasterxml\jackson\datatype\jackson-datatype-jsr310\2.12.5\jackson-datatype-jsr310-2.12.5.jar;C:\Users\Nicolas\.m2\repository\com\h2database\h2\1.4.200\h2-1.4.200.jar;C:\Users\Nicolas\.m2\repository\com\hazelcast\hazelcast\4.1.5\hazelcast-4.1.5.jar;C:\Users\Nicolas\.m2\repository\com\hazelcast\hazelcast-hibernate53\2.2.1\hazelcast-hibernate53-2.2.1.jar;C:\Users\Nicolas\.m2\repository\com\github\ben-manes\caffeine\caffeine\2.9.2\caffeine-2.9.2.jar;C:\Users\Nicolas\.m2\repository\com\google\errorprone\error_prone_annotations\2.5.1\error_prone_annotations-2.5.1.jar;C:\Users\Nicolas\.m2\repository\com\hazelcast\hazelcast-spring\4.1.5\hazelcast-spring-4.1.5.jar;C:\Users\Nicolas\.m2\repository\io\springfox\springfox-oas\3.0.0\springfox-oas-3.0.0.jar;C:\Users\Nicolas\.m2\repository\io\swagger\core\v3\swagger-annotations\2.1.2\swagger-annotations-2.1.2.jar;C:\Users\Nicolas\.m2\repository\io\swagger\core\v3\swagger-models\2.1.2\swagger-models-2.1.2.jar;C:\Users\Nicolas\.m2\repository\io\springfox\springfox-spi\3.0.0\springfox-spi-3.0.0.jar;C:\Users\Nicolas\.m2\repository\io\springfox\springfox-schema\3.0.0\springfox-schema-3.0.0.jar;C:\Users\Nicolas\.m2\repository\io\springfox\springfox-core\3.0.0\springfox-core-3.0.0.jar;C:\Users\Nicolas\.m2\repository\io\springfox\springfox-spring-web\3.0.0\springfox-spring-web-3.0.0.jar;C:\Users\Nicolas\.m2\repository\io\github\classgraph\classgraph\4.8.83\classgraph-4.8.83.jar;C:\Users\Nicolas\.m2\repository\io\springfox\springfox-spring-webmvc\3.0.0\springfox-spring-webmvc-3.0.0.jar;C:\Users\Nicolas\.m2\repository\io\springfox\springfox-spring-webflux\3.0.0\springfox-spring-webflux-3.0.0.jar;C:\Users\Nicolas\.m2\repository\io\springfox\springfox-swagger-common\3.0.0\springfox-swagger-common-3.0.0.jar;C:\Users\Nicolas\.m2\repository\com\fasterxml\classmate\1.5.1\classmate-1.5.1.jar;C:\Users\Nicolas\.m2\repository\org\slf4j\slf4j-api\1.7.32\slf4j-api-1.7.32.jar;C:\Users\Nicolas\.m2\repository\org\springframework\plugin\spring-plugin-core\2.0.0.RELEASE\spring-plugin-core-2.0.0.RELEASE.jar;C:\Users\Nicolas\.m2\repository\org\springframework\plugin\spring-plugin-metadata\2.0.0.RELEASE\spring-plugin-metadata-2.0.0.RELEASE.jar;C:\Users\Nicolas\.m2\repository\io\springfox\springfox-swagger2\3.0.0\springfox-swagger2-3.0.0.jar;C:\Users\Nicolas\.m2\repository\io\swagger\swagger-annotations\1.5.20\swagger-annotations-1.5.20.jar;C:\Users\Nicolas\.m2\repository\io\swagger\swagger-models\1.5.20\swagger-models-1.5.20.jar;C:\Users\Nicolas\.m2\repository\io\springfox\springfox-bean-validators\3.0.0\springfox-bean-validators-3.0.0.jar;C:\Users\Nicolas\.m2\repository\com\zaxxer\HikariCP\4.0.3\HikariCP-4.0.3.jar;C:\Users\Nicolas\.m2\repository\org\apache\commons\commons-lang3\3.12.0\commons-lang3-3.12.0.jar;C:\Users\Nicolas\.m2\repository\org\testcontainers\postgresql\1.16.0\postgresql-1.16.0.jar;C:\Users\Nicolas\.m2\repository\org\testcontainers\jdbc\1.16.0\jdbc-1.16.0.jar;C:\Users\Nicolas\.m2\repository\org\testcontainers\database-commons\1.16.0\database-commons-1.16.0.jar;C:\Users\Nicolas\.m2\repository\org\testcontainers\testcontainers\1.16.0\testcontainers-1.16.0.jar;C:\Users\Nicolas\.m2\repository\junit\junit\4.13.2\junit-4.13.2.jar;C:\Users\Nicolas\.m2\repository\org\hamcrest\hamcrest-core\2.2\hamcrest-core-2.2.jar;C:\Users\Nicolas\.m2\repository\org\rnorth\duct-tape\duct-tape\1.0.8\duct-tape-1.0.8.jar;C:\Users\Nicolas\.m2\repository\com\github\docker-java\docker-java-api\3.2.11\docker-java-api-3.2.11.jar;C:\Users\Nicolas\.m2\repository\com\github\docker-java\docker-java-transport-zerodep\3.2.11\docker-java-transport-zerodep-3.2.11.jar;C:\Users\Nicolas\.m2\repository\com\github\docker-java\docker-java-transport\3.2.11\docker-java-transport-3.2.11.jar;C:\Users\Nicolas\.m2\repository\net\java\dev\jna\jna\5.8.0\jna-5.8.0.jar;C:\Users\Nicolas\.m2\repository\javax\cache\cache-api\1.1.1\cache-api-1.1.1.jar;C:\Users\Nicolas\.m2\repository\org\hibernate\hibernate-jpamodelgen\5.4.32.Final\hibernate-jpamodelgen-5.4.32.Final.jar;C:\Users\Nicolas\.m2\repository\org\jboss\logging\jboss-logging\3.4.2.Final\jboss-logging-3.4.2.Final.jar;C:\Users\Nicolas\.m2\repository\javax\xml\bind\jaxb-api\2.3.1\jaxb-api-2.3.1.jar;C:\Users\Nicolas\.m2\repository\org\glassfish\jaxb\jaxb-runtime\2.3.5\jaxb-runtime-2.3.5.jar;C:\Users\Nicolas\.m2\repository\org\glassfish\jaxb\txw2\2.3.5\txw2-2.3.5.jar;C:\Users\Nicolas\.m2\repository\com\sun\istack\istack-commons-runtime\3.0.12\istack-commons-runtime-3.0.12.jar;C:\Users\Nicolas\.m2\repository\com\sun\activation\jakarta.activation\1.2.2\jakarta.activation-1.2.2.jar;C:\Users\Nicolas\.m2\repository\org\hibernate\hibernate-core\5.4.32.Final\hibernate-core-5.4.32.Final.jar;C:\Users\Nicolas\.m2\repository\javax\persistence\javax.persistence-api\2.2\javax.persistence-api-2.2.jar;C:\Users\Nicolas\.m2\repository\org\javassist\javassist\3.27.0-GA\javassist-3.27.0-GA.jar;C:\Users\Nicolas\.m2\repository\net\bytebuddy\byte-buddy\1.10.22\byte-buddy-1.10.22.jar;C:\Users\Nicolas\.m2\repository\antlr\antlr\2.7.7\antlr-2.7.7.jar;C:\Users\Nicolas\.m2\repository\org\jboss\spec\javax\transaction\jboss-transaction-api_1.2_spec\1.1.1.Final\jboss-transaction-api_1.2_spec-1.1.1.Final.jar;C:\Users\Nicolas\.m2\repository\org\jboss\jandex\2.2.3.Final\jandex-2.2.3.Final.jar;C:\Users\Nicolas\.m2\repository\javax\activation\javax.activation-api\1.2.0\javax.activation-api-1.2.0.jar;C:\Users\Nicolas\.m2\repository\org\dom4j\dom4j\2.1.3\dom4j-2.1.3.jar;C:\Users\Nicolas\.m2\repository\org\hibernate\common\hibernate-commons-annotations\5.1.2.Final\hibernate-commons-annotations-5.1.2.Final.jar;C:\Users\Nicolas\.m2\repository\org\hibernate\validator\hibernate-validator\6.2.0.Final\hibernate-validator-6.2.0.Final.jar;C:\Users\Nicolas\.m2\repository\jakarta\validation\jakarta.validation-api\2.0.2\jakarta.validation-api-2.0.2.jar;C:\Users\Nicolas\.m2\repository\org\liquibase\liquibase-core\4.5.0\liquibase-core-4.5.0.jar;C:\Users\Nicolas\.m2\repository\org\postgresql\postgresql\42.2.23\postgresql-42.2.23.jar;C:\Users\Nicolas\.m2\repository\org\checkerframework\checker-qual\3.5.0\checker-qual-3.5.0.jar;C:\Users\Nicolas\.m2\repository\org\mapstruct\mapstruct\1.4.2.Final\mapstruct-1.4.2.Final.jar;C:\Users\Nicolas\.m2\repository\org\mapstruct\mapstruct-processor\1.4.2.Final\mapstruct-processor-1.4.2.Final.jar;C:\Users\Nicolas\.m2\repository\org\springframework\boot\spring-boot-configuration-processor\2.5.5\spring-boot-configuration-processor-2.5.5.jar;C:\Users\Nicolas\.m2\repository\org\springframework\boot\spring-boot-loader-tools\2.5.5\spring-boot-loader-tools-2.5.5.jar;C:\Users\Nicolas\.m2\repository\org\apache\commons\commons-compress\1.20\commons-compress-1.20.jar;C:\Users\Nicolas\.m2\repository\org\springframework\spring-core\5.3.10\spring-core-5.3.10.jar;C:\Users\Nicolas\.m2\repository\org\springframework\spring-jcl\5.3.10\spring-jcl-5.3.10.jar;C:\Users\Nicolas\.m2\repository\org\springframework\boot\spring-boot-starter-actuator\2.5.5\spring-boot-starter-actuator-2.5.5.jar;C:\Users\Nicolas\.m2\repository\org\springframework\boot\spring-boot-actuator-autoconfigure\2.5.5\spring-boot-actuator-autoconfigure-2.5.5.jar;C:\Users\Nicolas\.m2\repository\org\springframework\boot\spring-boot-actuator\2.5.5\spring-boot-actuator-2.5.5.jar;C:\Users\Nicolas\.m2\repository\io\micrometer\micrometer-core\1.7.4\micrometer-core-1.7.4.jar;C:\Users\Nicolas\.m2\repository\org\hdrhistogram\HdrHistogram\2.1.12\HdrHistogram-2.1.12.jar;C:\Users\Nicolas\.m2\repository\org\latencyutils\LatencyUtils\2.0.3\LatencyUtils-2.0.3.jar;C:\Users\Nicolas\.m2\repository\org\springframework\boot\spring-boot-starter-data-jpa\2.5.5\spring-boot-starter-data-jpa-2.5.5.jar;C:\Users\Nicolas\.m2\repository\org\springframework\boot\spring-boot-starter-jdbc\2.5.5\spring-boot-starter-jdbc-2.5.5.jar;C:\Users\Nicolas\.m2\repository\org\springframework\spring-jdbc\5.3.10\spring-jdbc-5.3.10.jar;C:\Users\Nicolas\.m2\repository\jakarta\transaction\jakarta.transaction-api\1.3.3\jakarta.transaction-api-1.3.3.jar;C:\Users\Nicolas\.m2\repository\jakarta\persistence\jakarta.persistence-api\2.2.3\jakarta.persistence-api-2.2.3.jar;C:\Users\Nicolas\.m2\repository\org\springframework\data\spring-data-jpa\2.5.5\spring-data-jpa-2.5.5.jar;C:\Users\Nicolas\.m2\repository\org\springframework\spring-orm\5.3.10\spring-orm-5.3.10.jar;C:\Users\Nicolas\.m2\repository\org\springframework\spring-aspects\5.3.10\spring-aspects-5.3.10.jar;C:\Users\Nicolas\.m2\repository\org\springframework\boot\spring-boot-starter-logging\2.5.5\spring-boot-starter-logging-2.5.5.jar;C:\Users\Nicolas\.m2\repository\ch\qos\logback\logback-classic\1.2.6\logback-classic-1.2.6.jar;C:\Users\Nicolas\.m2\repository\ch\qos\logback\logback-core\1.2.6\logback-core-1.2.6.jar;C:\Users\Nicolas\.m2\repository\org\apache\logging\log4j\log4j-to-slf4j\2.14.1\log4j-to-slf4j-2.14.1.jar;C:\Users\Nicolas\.m2\repository\org\apache\logging\log4j\log4j-api\2.14.1\log4j-api-2.14.1.jar;C:\Users\Nicolas\.m2\repository\org\slf4j\jul-to-slf4j\1.7.32\jul-to-slf4j-1.7.32.jar;C:\Users\Nicolas\.m2\repository\org\springframework\boot\spring-boot-starter-mail\2.5.5\spring-boot-starter-mail-2.5.5.jar;C:\Users\Nicolas\.m2\repository\com\sun\mail\jakarta.mail\1.6.7\jakarta.mail-1.6.7.jar;C:\Users\Nicolas\.m2\repository\org\springframework\boot\spring-boot-starter-security\2.5.5\spring-boot-starter-security-2.5.5.jar;C:\Users\Nicolas\.m2\repository\org\springframework\spring-aop\5.3.10\spring-aop-5.3.10.jar;C:\Users\Nicolas\.m2\repository\org\springframework\security\spring-security-config\5.5.2\spring-security-config-5.5.2.jar;C:\Users\Nicolas\.m2\repository\org\springframework\security\spring-security-web\5.5.2\spring-security-web-5.5.2.jar;C:\Users\Nicolas\.m2\repository\org\springframework\spring-expression\5.3.10\spring-expression-5.3.10.jar;C:\Users\Nicolas\.m2\repository\org\springframework\boot\spring-boot-starter-thymeleaf\2.5.5\spring-boot-starter-thymeleaf-2.5.5.jar;C:\Users\Nicolas\.m2\repository\org\thymeleaf\thymeleaf-spring5\3.0.12.RELEASE\thymeleaf-spring5-3.0.12.RELEASE.jar;C:\Users\Nicolas\.m2\repository\org\thymeleaf\thymeleaf\3.0.12.RELEASE\thymeleaf-3.0.12.RELEASE.jar;C:\Users\Nicolas\.m2\repository\org\attoparser\attoparser\2.0.5.RELEASE\attoparser-2.0.5.RELEASE.jar;C:\Users\Nicolas\.m2\repository\org\unbescape\unbescape\1.1.6.RELEASE\unbescape-1.1.6.RELEASE.jar;C:\Users\Nicolas\.m2\repository\org\thymeleaf\extras\thymeleaf-extras-java8time\3.0.4.RELEASE\thymeleaf-extras-java8time-3.0.4.RELEASE.jar;C:\Users\Nicolas\.m2\repository\org\springframework\boot\spring-boot-starter-web\2.5.5\spring-boot-starter-web-2.5.5.jar;C:\Users\Nicolas\.m2\repository\org\springframework\boot\spring-boot-starter-json\2.5.5\spring-boot-starter-json-2.5.5.jar;C:\Users\Nicolas\.m2\repository\com\fasterxml\jackson\datatype\jackson-datatype-jdk8\2.12.5\jackson-datatype-jdk8-2.12.5.jar;C:\Users\Nicolas\.m2\repository\com\fasterxml\jackson\module\jackson-module-parameter-names\2.12.5\jackson-module-parameter-names-2.12.5.jar;C:\Users\Nicolas\.m2\repository\org\springframework\spring-web\5.3.10\spring-web-5.3.10.jar;C:\Users\Nicolas\.m2\repository\org\springframework\spring-webmvc\5.3.10\spring-webmvc-5.3.10.jar;C:\Users\Nicolas\.m2\repository\org\springframework\boot\spring-boot-starter-test\2.5.5\spring-boot-starter-test-2.5.5.jar;C:\Users\Nicolas\.m2\repository\org\springframework\boot\spring-boot-test-autoconfigure\2.5.5\spring-boot-test-autoconfigure-2.5.5.jar;C:\Users\Nicolas\.m2\repository\com\jayway\jsonpath\json-path\2.5.0\json-path-2.5.0.jar;C:\Users\Nicolas\.m2\repository\net\minidev\json-smart\2.4.7\json-smart-2.4.7.jar;C:\Users\Nicolas\.m2\repository\net\minidev\accessors-smart\2.4.7\accessors-smart-2.4.7.jar;C:\Users\Nicolas\.m2\repository\org\ow2\asm\asm\9.1\asm-9.1.jar;C:\Users\Nicolas\.m2\repository\org\assertj\assertj-core\3.19.0\assertj-core-3.19.0.jar;C:\Users\Nicolas\.m2\repository\org\hamcrest\hamcrest\2.2\hamcrest-2.2.jar;C:\Users\Nicolas\.m2\repository\org\junit\jupiter\junit-jupiter\5.7.2\junit-jupiter-5.7.2.jar;C:\Users\Nicolas\.m2\repository\org\junit\jupiter\junit-jupiter-api\5.7.2\junit-jupiter-api-5.7.2.jar;C:\Users\Nicolas\.m2\repository\org\opentest4j\opentest4j\1.2.0\opentest4j-1.2.0.jar;C:\Users\Nicolas\.m2\repository\org\junit\platform\junit-platform-commons\1.7.2\junit-platform-commons-1.7.2.jar;C:\Users\Nicolas\.m2\repository\org\junit\jupiter\junit-jupiter-params\5.7.2\junit-jupiter-params-5.7.2.jar;C:\Users\Nicolas\.m2\repository\org\junit\jupiter\junit-jupiter-engine\5.7.2\junit-jupiter-engine-5.7.2.jar;C:\Users\Nicolas\.m2\repository\org\mockito\mockito-core\3.9.0\mockito-core-3.9.0.jar;C:\Users\Nicolas\.m2\repository\net\bytebuddy\byte-buddy-agent\1.10.22\byte-buddy-agent-1.10.22.jar;C:\Users\Nicolas\.m2\repository\org\objenesis\objenesis\3.2\objenesis-3.2.jar;C:\Users\Nicolas\.m2\repository\org\mockito\mockito-junit-jupiter\3.9.0\mockito-junit-jupiter-3.9.0.jar;C:\Users\Nicolas\.m2\repository\org\skyscreamer\jsonassert\1.5.0\jsonassert-1.5.0.jar;C:\Users\Nicolas\.m2\repository\org\springframework\spring-test\5.3.10\spring-test-5.3.10.jar;C:\Users\Nicolas\.m2\repository\org\xmlunit\xmlunit-core\2.8.2\xmlunit-core-2.8.2.jar;C:\Users\Nicolas\.m2\repository\org\springframework\boot\spring-boot-test\2.5.5\spring-boot-test-2.5.5.jar;C:\Users\Nicolas\.m2\repository\org\springframework\boot\spring-boot\2.5.5\spring-boot-2.5.5.jar;C:\Users\Nicolas\.m2\repository\org\springframework\security\spring-security-test\5.5.2\spring-security-test-5.5.2.jar;C:\Users\Nicolas\.m2\repository\org\springframework\security\spring-security-core\5.5.2\spring-security-core-5.5.2.jar;C:\Users\Nicolas\.m2\repository\org\springframework\security\spring-security-crypto\5.5.2\spring-security-crypto-5.5.2.jar;C:\Users\Nicolas\.m2\repository\com\tngtech\archunit\archunit-junit5-api\0.21.0\archunit-junit5-api-0.21.0.jar;C:\Users\Nicolas\.m2\repository\com\tngtech\archunit\archunit\0.21.0\archunit-0.21.0.jar;C:\Users\Nicolas\.m2\repository\com\tngtech\archunit\archunit-junit5-engine\0.21.0\archunit-junit5-engine-0.21.0.jar;C:\Users\Nicolas\.m2\repository\com\tngtech\archunit\archunit-junit5-engine-api\0.21.0\archunit-junit5-engine-api-0.21.0.jar;C:\Users\Nicolas\.m2\repository\org\junit\platform\junit-platform-engine\1.7.2\junit-platform-engine-1.7.2.jar;C:\Users\Nicolas\.m2\repository\org\zalando\problem-spring-web\0.27.0\problem-spring-web-0.27.0.jar;C:\Users\Nicolas\.m2\repository\org\zalando\problem-violations\0.27.0\problem-violations-0.27.0.jar;C:\Users\Nicolas\.m2\repository\org\zalando\problem-spring-common\0.27.0\problem-spring-common-0.27.0.jar;C:\Users\Nicolas\.m2\repository\org\apiguardian\apiguardian-api\1.1.2\apiguardian-api-1.1.2.jar;C:\Users\Nicolas\.m2\repository\com\google\code\findbugs\jsr305\3.0.2\jsr305-3.0.2.jar;C:\Users\Nicolas\.m2\repository\org\zalando\problem\0.26.0\problem-0.26.0.jar;C:\Users\Nicolas\.m2\repository\org\zalando\jackson-datatype-problem\0.26.0\jackson-datatype-problem-0.26.0.jar;C:\Users\Nicolas\.m2\repository\org\zalando\faux-pas\0.9.0\faux-pas-0.9.0.jar;C:\Users\Nicolas\.m2\repository\javax\validation\validation-api\2.0.1.Final\validation-api-2.0.1.Final.jar;C:\Users\Nicolas\.m2\repository\io\jsonwebtoken\jjwt-api\0.11.2\jjwt-api-0.11.2.jar;C:\Users\Nicolas\.m2\repository\io\jsonwebtoken\jjwt-impl\0.11.2\jjwt-impl-0.11.2.jar;C:\Users\Nicolas\.m2\repository\io\jsonwebtoken\jjwt-jackson\0.11.2\jjwt-jackson-0.11.2.jar;C:\Users\Nicolas\.m2\repository\org\springframework\cloud\spring-cloud-starter\3.0.4\spring-cloud-starter-3.0.4.jar;C:\Users\Nicolas\.m2\repository\org\springframework\cloud\spring-cloud-context\3.0.4\spring-cloud-context-3.0.4.jar;C:\Users\Nicolas\.m2\repository\org\springframework\cloud\spring-cloud-commons\3.0.4\spring-cloud-commons-3.0.4.jar;C:\Users\Nicolas\.m2\repository\org\springframework\security\spring-security-rsa\1.0.10.RELEASE\spring-security-rsa-1.0.10.RELEASE.jar;C:\Users\Nicolas\.m2\repository\org\bouncycastle\bcpkix-jdk15on\1.68\bcpkix-jdk15on-1.68.jar;C:\Users\Nicolas\.m2\repository\org\bouncycastle\bcprov-jdk15on\1.68\bcprov-jdk15on-1.68.jar;C:\Users\Nicolas\.m2\repository\org\springframework\cloud\spring-cloud-starter-circuitbreaker-resilience4j\2.0.2\spring-cloud-starter-circuitbreaker-resilience4j-2.0.2.jar;C:\Users\Nicolas\.m2\repository\org\springframework\cloud\spring-cloud-circuitbreaker-resilience4j\2.0.2\spring-cloud-circuitbreaker-resilience4j-2.0.2.jar;C:\Users\Nicolas\.m2\repository\io\github\resilience4j\resilience4j-spring-boot2\1.7.0\resilience4j-spring-boot2-1.7.0.jar;C:\Users\Nicolas\.m2\repository\io\github\resilience4j\resilience4j-spring\1.7.0\resilience4j-spring-1.7.0.jar;C:\Users\Nicolas\.m2\repository\io\github\resilience4j\resilience4j-annotations\1.7.0\resilience4j-annotations-1.7.0.jar;C:\Users\Nicolas\.m2\repository\io\github\resilience4j\resilience4j-consumer\1.7.0\resilience4j-consumer-1.7.0.jar;C:\Users\Nicolas\.m2\repository\io\github\resilience4j\resilience4j-circularbuffer\1.7.0\resilience4j-circularbuffer-1.7.0.jar;C:\Users\Nicolas\.m2\repository\io\github\resilience4j\resilience4j-framework-common\1.7.0\resilience4j-framework-common-1.7.0.jar;C:\Users\Nicolas\.m2\repository\io\github\resilience4j\resilience4j-ratelimiter\1.7.0\resilience4j-ratelimiter-1.7.0.jar;C:\Users\Nicolas\.m2\repository\io\github\resilience4j\resilience4j-retry\1.7.0\resilience4j-retry-1.7.0.jar;C:\Users\Nicolas\.m2\repository\io\github\resilience4j\resilience4j-micrometer\1.7.0\resilience4j-micrometer-1.7.0.jar;C:\Users\Nicolas\.m2\repository\io\github\resilience4j\resilience4j-circuitbreaker\1.7.0\resilience4j-circuitbreaker-1.7.0.jar;C:\Users\Nicolas\.m2\repository\io\vavr\vavr\0.10.2\vavr-0.10.2.jar;C:\Users\Nicolas\.m2\repository\io\vavr\vavr-match\0.10.2\vavr-match-0.10.2.jar;C:\Users\Nicolas\.m2\repository\io\github\resilience4j\resilience4j-core\1.7.0\resilience4j-core-1.7.0.jar;C:\Users\Nicolas\.m2\repository\io\github\resilience4j\resilience4j-timelimiter\1.7.0\resilience4j-timelimiter-1.7.0.jar;C:\Users\Nicolas\.m2\repository\org\springframework\retry\spring-retry\1.3.1\spring-retry-1.3.1.jar;C:\Users\Nicolas\.m2\repository\org\springframework\cloud\spring-cloud-starter-bootstrap\3.0.4\spring-cloud-starter-bootstrap-3.0.4.jar;C:\Users\Nicolas\.m2\repository\org\springframework\cloud\spring-cloud-starter-netflix-eureka-client\3.0.4\spring-cloud-starter-netflix-eureka-client-3.0.4.jar;C:\Users\Nicolas\.m2\repository\org\springframework\cloud\spring-cloud-netflix-eureka-client\3.0.4\spring-cloud-netflix-eureka-client-3.0.4.jar;C:\Users\Nicolas\.m2\repository\com\netflix\eureka\eureka-client\1.10.16\eureka-client-1.10.16.jar;C:\Users\Nicolas\.m2\repository\com\netflix\netflix-commons\netflix-eventbus\0.3.0\netflix-eventbus-0.3.0.jar;C:\Users\Nicolas\.m2\repository\com\netflix\netflix-commons\netflix-infix\0.3.0\netflix-infix-0.3.0.jar;C:\Users\Nicolas\.m2\repository\commons-jxpath\commons-jxpath\1.3\commons-jxpath-1.3.jar;C:\Users\Nicolas\.m2\repository\joda-time\joda-time\2.3\joda-time-2.3.jar;C:\Users\Nicolas\.m2\repository\org\antlr\antlr-runtime\3.4\antlr-runtime-3.4.jar;C:\Users\Nicolas\.m2\repository\org\antlr\stringtemplate\3.2.1\stringtemplate-3.2.1.jar;C:\Users\Nicolas\.m2\repository\com\google\code\gson\gson\2.8.8\gson-2.8.8.jar;C:\Users\Nicolas\.m2\repository\org\apache\commons\commons-math\2.2\commons-math-2.2.jar;C:\Users\Nicolas\.m2\repository\com\thoughtworks\xstream\xstream\1.4.18\xstream-1.4.18.jar;C:\Users\Nicolas\.m2\repository\io\github\x-stream\mxparser\1.2.2\mxparser-1.2.2.jar;C:\Users\Nicolas\.m2\repository\xmlpull\xmlpull\1.1.3.1\xmlpull-1.1.3.1.jar;C:\Users\Nicolas\.m2\repository\javax\ws\rs\jsr311-api\1.1.1\jsr311-api-1.1.1.jar;C:\Users\Nicolas\.m2\repository\com\netflix\servo\servo-core\0.12.21\servo-core-0.12.21.jar;C:\Users\Nicolas\.m2\repository\com\google\guava\guava\31.0.1-jre\guava-31.0.1-jre.jar;C:\Users\Nicolas\.m2\repository\com\google\guava\failureaccess\1.0.1\failureaccess-1.0.1.jar;C:\Users\Nicolas\.m2\repository\com\google\guava\listenablefuture\9999.0-empty-to-avoid-conflict-with-guava\listenablefuture-9999.0-empty-to-avoid-conflict-with-guava.jar;C:\Users\Nicolas\.m2\repository\com\google\j2objc\j2objc-annotations\1.3\j2objc-annotations-1.3.jar;C:\Users\Nicolas\.m2\repository\org\apache\httpcomponents\httpclient\4.5.13\httpclient-4.5.13.jar;C:\Users\Nicolas\.m2\repository\org\apache\httpcomponents\httpcore\4.4.14\httpcore-4.4.14.jar;C:\Users\Nicolas\.m2\repository\commons-codec\commons-codec\1.15\commons-codec-1.15.jar;C:\Users\Nicolas\.m2\repository\commons-configuration\commons-configuration\1.10\commons-configuration-1.10.jar;C:\Users\Nicolas\.m2\repository\commons-lang\commons-lang\2.6\commons-lang-2.6.jar;C:\Users\Nicolas\.m2\repository\com\google\inject\guice\4.1.0\guice-4.1.0.jar;C:\Users\Nicolas\.m2\repository\javax\inject\javax.inject\1\javax.inject-1.jar;C:\Users\Nicolas\.m2\repository\aopalliance\aopalliance\1.0\aopalliance-1.0.jar;C:\Users\Nicolas\.m2\repository\org\codehaus\jettison\jettison\1.4.0\jettison-1.4.0.jar;C:\Users\Nicolas\.m2\repository\com\netflix\eureka\eureka-core\1.10.16\eureka-core-1.10.16.jar;C:\Users\Nicolas\.m2\repository\com\fasterxml\woodstox\woodstox-core\6.2.1\woodstox-core-6.2.1.jar;C:\Users\Nicolas\.m2\repository\org\codehaus\woodstox\stax2-api\4.2.1\stax2-api-4.2.1.jar;C:\Users\Nicolas\.m2\repository\org\springframework\cloud\spring-cloud-starter-loadbalancer\3.0.4\spring-cloud-starter-loadbalancer-3.0.4.jar;C:\Users\Nicolas\.m2\repository\org\springframework\cloud\spring-cloud-loadbalancer\3.0.4\spring-cloud-loadbalancer-3.0.4.jar;C:\Users\Nicolas\.m2\repository\io\projectreactor\reactor-core\3.4.10\reactor-core-3.4.10.jar;C:\Users\Nicolas\.m2\repository\org\reactivestreams\reactive-streams\1.0.3\reactive-streams-1.0.3.jar;C:\Users\Nicolas\.m2\repository\io\projectreactor\addons\reactor-extra\3.4.5\reactor-extra-3.4.5.jar;C:\Users\Nicolas\.m2\repository\com\stoyanr\evictor\1.0.0\evictor-1.0.0.jar;C:\Users\Nicolas\.m2\repository\org\springframework\cloud\spring-cloud-starter-config\3.0.5\spring-cloud-starter-config-3.0.5.jar;C:\Users\Nicolas\.m2\repository\org\springframework\cloud\spring-cloud-config-client\3.0.5\spring-cloud-config-client-3.0.5.jar;C:\Users\Nicolas\.m2\repository\org\springframework\cloud\spring-cloud-starter-openfeign\3.0.4\spring-cloud-starter-openfeign-3.0.4.jar;C:\Users\Nicolas\.m2\repository\org\springframework\cloud\spring-cloud-openfeign-core\3.0.4\spring-cloud-openfeign-core-3.0.4.jar;C:\Users\Nicolas\.m2\repository\io\github\openfeign\form\feign-form-spring\3.8.0\feign-form-spring-3.8.0.jar;C:\Users\Nicolas\.m2\repository\io\github\openfeign\form\feign-form\3.8.0\feign-form-3.8.0.jar;C:\Users\Nicolas\.m2\repository\commons-fileupload\commons-fileupload\1.4\commons-fileupload-1.4.jar;C:\Users\Nicolas\.m2\repository\commons-io\commons-io\2.11.0\commons-io-2.11.0.jar;C:\Users\Nicolas\.m2\repository\io\github\openfeign\feign-core\10.12\feign-core-10.12.jar;C:\Users\Nicolas\.m2\repository\io\github\openfeign\feign-slf4j\10.12\feign-slf4j-10.12.jar;C:\Users\Nicolas\.m2\repository\org\springframework\security\spring-security-data\5.5.2\spring-security-data-5.5.2.jar;C:\Users\Nicolas\.m2\repository\org\springframework\data\spring-data-commons\2.5.5\spring-data-commons-2.5.5.jar;C:\Users\Nicolas\.m2\repository\io\micrometer\micrometer-registry-prometheus\1.7.4\micrometer-registry-prometheus-1.7.4.jar;C:\Users\Nicolas\.m2\repository\io\prometheus\simpleclient_common\0.10.0\simpleclient_common-0.10.0.jar;C:\Users\Nicolas\.m2\repository\io\prometheus\simpleclient\0.12.0\simpleclient-0.12.0.jar;C:\Users\Nicolas\.m2\repository\io\prometheus\simpleclient_tracer_otel\0.12.0\simpleclient_tracer_otel-0.12.0.jar;C:\Users\Nicolas\.m2\repository\io\prometheus\simpleclient_tracer_common\0.12.0\simpleclient_tracer_common-0.12.0.jar;C:\Users\Nicolas\.m2\repository\io\prometheus\simpleclient_tracer_otel_agent\0.12.0\simpleclient_tracer_otel_agent-0.12.0.jar;C:\Users\Nicolas\.m2\repository\io\dropwizard\metrics\metrics-core\4.1.25\metrics-core-4.1.25.jar;C:\Users\Nicolas\.m2\repository\org\springframework\boot\spring-boot-starter-undertow\2.5.5\spring-boot-starter-undertow-2.5.5.jar;C:\Users\Nicolas\.m2\repository\io\undertow\undertow-core\2.2.10.Final\undertow-core-2.2.10.Final.jar;C:\Users\Nicolas\.m2\repository\org\jboss\xnio\xnio-api\3.8.4.Final\xnio-api-3.8.4.Final.jar;C:\Users\Nicolas\.m2\repository\org\wildfly\common\wildfly-common\1.5.2.Final\wildfly-common-1.5.2.Final.jar;C:\Users\Nicolas\.m2\repository\org\wildfly\client\wildfly-client-config\1.0.1.Final\wildfly-client-config-1.0.1.Final.jar;C:\Users\Nicolas\.m2\repository\org\jboss\xnio\xnio-nio\3.8.4.Final\xnio-nio-3.8.4.Final.jar;C:\Users\Nicolas\.m2\repository\org\jboss\threads\jboss-threads\3.1.0.Final\jboss-threads-3.1.0.Final.jar;C:\Users\Nicolas\.m2\repository\io\undertow\undertow-servlet\2.2.10.Final\undertow-servlet-2.2.10.Final.jar;C:\Users\Nicolas\.m2\repository\org\jboss\spec\javax\annotation\jboss-annotations-api_1.3_spec\2.0.1.Final\jboss-annotations-api_1.3_spec-2.0.1.Final.jar;C:\Users\Nicolas\.m2\repository\io\undertow\undertow-websockets-jsr\2.2.10.Final\undertow-websockets-jsr-2.2.10.Final.jar;C:\Users\Nicolas\.m2\repository\org\jboss\spec\javax\websocket\jboss-websocket-api_1.1_spec\2.0.0.Final\jboss-websocket-api_1.1_spec-2.0.0.Final.jar;C:\Users\Nicolas\.m2\repository\jakarta\servlet\jakarta.servlet-api\4.0.4\jakarta.servlet-api-4.0.4.jar;C:\Users\Nicolas\.m2\repository\org\apache\tomcat\embed\tomcat-embed-el\9.0.53\tomcat-embed-el-9.0.53.jar;"/>
    <property name="java.vm.vendor" value="Eclipse Foundation"/>
    <property name="sun.arch.data.model" value="64"/>
    <property name="user.variant" value=""/>
    <property name="java.vendor.url" value="https://adoptium.net/"/>
    <property name="user.timezone" value="Europe/Paris"/>
    <property name="java.vm.specification.version" value="11"/>
    <property name="os.name" value="Windows 10"/>
    <property name="sun.java.launcher" value="SUN_STANDARD"/>
    <property name="user.country" value="FR"/>
    <property name="sun.boot.library.path" value="C:\Program Files\Eclipse Foundation\jdk-11.0.12.7-hotspot\bin"/>
    <property name="sun.java.command" value="C:\Users\Nicolas\AppData\Local\Temp\surefire14350039038049176497\surefirebooter10247170113363622973.jar C:\Users\Nicolas\AppData\Local\Temp\surefire14350039038049176497 2021-10-26T01-26-50_579-jvmRun1 surefire15242520100432035929tmp surefire_05598873622054314364tmp"/>
    <property name="jdk.debug" value="release"/>
    <property name="surefire.test.class.path" value="C:\Users\Nicolas\Desktop\test6\statsService\target\test-classes;C:\Users\Nicolas\Desktop\test6\statsService\target\classes;C:\Users\Nicolas\.m2\repository\org\apache\camel\camel-jackson\3.12.0\camel-jackson-3.12.0.jar;C:\Users\Nicolas\.m2\repository\org\apache\camel\camel-core-engine\3.12.0\camel-core-engine-3.12.0.jar;C:\Users\Nicolas\.m2\repository\org\apache\camel\camel-api\3.12.0\camel-api-3.12.0.jar;C:\Users\Nicolas\.m2\repository\org\apache\camel\camel-base-engine\3.12.0\camel-base-engine-3.12.0.jar;C:\Users\Nicolas\.m2\repository\org\apache\camel\camel-base\3.12.0\camel-base-3.12.0.jar;C:\Users\Nicolas\.m2\repository\org\apache\camel\camel-core-reifier\3.12.0\camel-core-reifier-3.12.0.jar;C:\Users\Nicolas\.m2\repository\org\apache\camel\camel-core-model\3.12.0\camel-core-model-3.12.0.jar;C:\Users\Nicolas\.m2\repository\org\apache\camel\camel-core-processor\3.12.0\camel-core-processor-3.12.0.jar;C:\Users\Nicolas\.m2\repository\org\apache\camel\camel-management-api\3.12.0\camel-management-api-3.12.0.jar;C:\Users\Nicolas\.m2\repository\org\apache\camel\camel-support\3.12.0\camel-support-3.12.0.jar;C:\Users\Nicolas\.m2\repository\org\apache\camel\camel-util\3.12.0\camel-util-3.12.0.jar;C:\Users\Nicolas\.m2\repository\com\fasterxml\jackson\core\jackson-databind\2.12.5\jackson-databind-2.12.5.jar;C:\Users\Nicolas\.m2\repository\org\apache\camel\springboot\camel-spring-boot-starter\3.12.0\camel-spring-boot-starter-3.12.0.jar;C:\Users\Nicolas\.m2\repository\org\springframework\boot\spring-boot-starter\2.5.5\spring-boot-starter-2.5.5.jar;C:\Users\Nicolas\.m2\repository\jakarta\annotation\jakarta.annotation-api\1.3.5\jakarta.annotation-api-1.3.5.jar;C:\Users\Nicolas\.m2\repository\org\yaml\snakeyaml\1.28\snakeyaml-1.28.jar;C:\Users\Nicolas\.m2\repository\org\apache\camel\springboot\camel-spring-boot\3.12.0\camel-spring-boot-3.12.0.jar;C:\Users\Nicolas\.m2\repository\org\apache\camel\camel-spring\3.12.0\camel-spring-3.12.0.jar;C:\Users\Nicolas\.m2\repository\org\apache\camel\camel-spring-main\3.12.0\camel-spring-main-3.12.0.jar;C:\Users\Nicolas\.m2\repository\org\apache\camel\camel-main\3.12.0\camel-main-3.12.0.jar;C:\Users\Nicolas\.m2\repository\org\apache\camel\camel-core-languages\3.12.0\camel-core-languages-3.12.0.jar;C:\Users\Nicolas\.m2\repository\org\apache\camel\camel-xml-jaxb-dsl\3.12.0\camel-xml-jaxb-dsl-3.12.0.jar;C:\Users\Nicolas\.m2\repository\org\apache\camel\camel-xml-jaxb\3.12.0\camel-xml-jaxb-3.12.0.jar;C:\Users\Nicolas\.m2\repository\com\sun\xml\bind\jaxb-core\2.3.0\jaxb-core-2.3.0.jar;C:\Users\Nicolas\.m2\repository\com\sun\xml\bind\jaxb-impl\2.3.3\jaxb-impl-2.3.3.jar;C:\Users\Nicolas\.m2\repository\org\apache\camel\camel-dsl-support\3.12.0\camel-dsl-support-3.12.0.jar;C:\Users\Nicolas\.m2\repository\org\apache\camel\camel-endpointdsl\3.12.0\camel-endpointdsl-3.12.0.jar;C:\Users\Nicolas\.m2\repository\org\apache\camel\camel-spring-xml\3.12.0\camel-spring-xml-3.12.0.jar;C:\Users\Nicolas\.m2\repository\org\apache\camel\camel-core-xml\3.12.0\camel-core-xml-3.12.0.jar;C:\Users\Nicolas\.m2\repository\org\apache\camel\camel-cloud\3.12.0\camel-cloud-3.12.0.jar;C:\Users\Nicolas\.m2\repository\org\apache\camel\camel-cluster\3.12.0\camel-cluster-3.12.0.jar;C:\Users\Nicolas\.m2\repository\org\apache\camel\camel-health\3.12.0\camel-health-3.12.0.jar;C:\Users\Nicolas\.m2\repository\org\apache\camel\springboot\camel-core-starter\3.12.0\camel-core-starter-3.12.0.jar;C:\Users\Nicolas\.m2\repository\org\apache\camel\springboot\camel-bean-starter\3.12.0\camel-bean-starter-3.12.0.jar;C:\Users\Nicolas\.m2\repository\org\apache\camel\camel-bean\3.12.0\camel-bean-3.12.0.jar;C:\Users\Nicolas\.m2\repository\org\apache\camel\springboot\camel-browse-starter\3.12.0\camel-browse-starter-3.12.0.jar;C:\Users\Nicolas\.m2\repository\org\apache\camel\camel-browse\3.12.0\camel-browse-3.12.0.jar;C:\Users\Nicolas\.m2\repository\org\apache\camel\springboot\camel-controlbus-starter\3.12.0\camel-controlbus-starter-3.12.0.jar;C:\Users\Nicolas\.m2\repository\org\apache\camel\camel-controlbus\3.12.0\camel-controlbus-3.12.0.jar;C:\Users\Nicolas\.m2\repository\org\apache\camel\springboot\camel-dataformat-starter\3.12.0\camel-dataformat-starter-3.12.0.jar;C:\Users\Nicolas\.m2\repository\org\apache\camel\camel-dataformat\3.12.0\camel-dataformat-3.12.0.jar;C:\Users\Nicolas\.m2\repository\org\apache\camel\springboot\camel-dataset-starter\3.12.0\camel-dataset-starter-3.12.0.jar;C:\Users\Nicolas\.m2\repository\org\apache\camel\camel-dataset\3.12.0\camel-dataset-3.12.0.jar;C:\Users\Nicolas\.m2\repository\org\apache\camel\springboot\camel-direct-starter\3.12.0\camel-direct-starter-3.12.0.jar;C:\Users\Nicolas\.m2\repository\org\apache\camel\camel-direct\3.12.0\camel-direct-3.12.0.jar;C:\Users\Nicolas\.m2\repository\org\apache\camel\springboot\camel-directvm-starter\3.12.0\camel-directvm-starter-3.12.0.jar;C:\Users\Nicolas\.m2\repository\org\apache\camel\camel-directvm\3.12.0\camel-directvm-3.12.0.jar;C:\Users\Nicolas\.m2\repository\org\apache\camel\springboot\camel-file-starter\3.12.0\camel-file-starter-3.12.0.jar;C:\Users\Nicolas\.m2\repository\org\apache\camel\camel-file\3.12.0\camel-file-3.12.0.jar;C:\Users\Nicolas\.m2\repository\org\apache\camel\springboot\camel-language-starter\3.12.0\camel-language-starter-3.12.0.jar;C:\Users\Nicolas\.m2\repository\org\apache\camel\camel-language\3.12.0\camel-language-3.12.0.jar;C:\Users\Nicolas\.m2\repository\org\apache\camel\springboot\camel-log-starter\3.12.0\camel-log-starter-3.12.0.jar;C:\Users\Nicolas\.m2\repository\org\apache\camel\camel-log\3.12.0\camel-log-3.12.0.jar;C:\Users\Nicolas\.m2\repository\org\apache\camel\springboot\camel-mock-starter\3.12.0\camel-mock-starter-3.12.0.jar;C:\Users\Nicolas\.m2\repository\org\apache\camel\camel-mock\3.12.0\camel-mock-3.12.0.jar;C:\Users\Nicolas\.m2\repository\org\apache\camel\springboot\camel-ref-starter\3.12.0\camel-ref-starter-3.12.0.jar;C:\Users\Nicolas\.m2\repository\org\apache\camel\camel-ref\3.12.0\camel-ref-3.12.0.jar;C:\Users\Nicolas\.m2\repository\org\apache\camel\springboot\camel-rest-starter\3.12.0\camel-rest-starter-3.12.0.jar;C:\Users\Nicolas\.m2\repository\org\apache\camel\camel-rest\3.12.0\camel-rest-3.12.0.jar;C:\Users\Nicolas\.m2\repository\org\apache\camel\camel-tooling-model\3.12.0\camel-tooling-model-3.12.0.jar;C:\Users\Nicolas\.m2\repository\org\apache\camel\camel-util-json\3.12.0\camel-util-json-3.12.0.jar;C:\Users\Nicolas\.m2\repository\org\apache\camel\springboot\camel-saga-starter\3.12.0\camel-saga-starter-3.12.0.jar;C:\Users\Nicolas\.m2\repository\org\apache\camel\camel-saga\3.12.0\camel-saga-3.12.0.jar;C:\Users\Nicolas\.m2\repository\org\apache\camel\springboot\camel-scheduler-starter\3.12.0\camel-scheduler-starter-3.12.0.jar;C:\Users\Nicolas\.m2\repository\org\apache\camel\camel-scheduler\3.12.0\camel-scheduler-3.12.0.jar;C:\Users\Nicolas\.m2\repository\org\apache\camel\springboot\camel-seda-starter\3.12.0\camel-seda-starter-3.12.0.jar;C:\Users\Nicolas\.m2\repository\org\apache\camel\camel-seda\3.12.0\camel-seda-3.12.0.jar;C:\Users\Nicolas\.m2\repository\org\apache\camel\springboot\camel-stub-starter\3.12.0\camel-stub-starter-3.12.0.jar;C:\Users\Nicolas\.m2\repository\org\apache\camel\camel-stub\3.12.0\camel-stub-3.12.0.jar;C:\Users\Nicolas\.m2\repository\org\apache\camel\springboot\camel-timer-starter\3.12.0\camel-timer-starter-3.12.0.jar;C:\Users\Nicolas\.m2\repository\org\apache\camel\camel-timer\3.12.0\camel-timer-3.12.0.jar;C:\Users\Nicolas\.m2\repository\org\apache\camel\springboot\camel-validator-starter\3.12.0\camel-validator-starter-3.12.0.jar;C:\Users\Nicolas\.m2\repository\org\apache\camel\camel-validator\3.12.0\camel-validator-3.12.0.jar;C:\Users\Nicolas\.m2\repository\org\apache\camel\springboot\camel-vm-starter\3.12.0\camel-vm-starter-3.12.0.jar;C:\Users\Nicolas\.m2\repository\org\apache\camel\camel-vm\3.12.0\camel-vm-3.12.0.jar;C:\Users\Nicolas\.m2\repository\org\apache\camel\springboot\camel-xpath-starter\3.12.0\camel-xpath-starter-3.12.0.jar;C:\Users\Nicolas\.m2\repository\org\apache\camel\camel-xpath\3.12.0\camel-xpath-3.12.0.jar;C:\Users\Nicolas\.m2\repository\org\apache\camel\springboot\camel-xslt-starter\3.12.0\camel-xslt-starter-3.12.0.jar;C:\Users\Nicolas\.m2\repository\org\apache\camel\camel-xslt\3.12.0\camel-xslt-3.12.0.jar;C:\Users\Nicolas\.m2\repository\org\apache\camel\springboot\camel-xml-jaxp-starter\3.12.0\camel-xml-jaxp-starter-3.12.0.jar;C:\Users\Nicolas\.m2\repository\org\apache\camel\camel-xml-jaxp\3.12.0\camel-xml-jaxp-3.12.0.jar;C:\Users\Nicolas\.m2\repository\org\apache\camel\camel-xml-io-util\3.12.0\camel-xml-io-util-3.12.0.jar;C:\Users\Nicolas\.m2\repository\org\apache\camel\springboot\camel-activemq-starter\3.12.0\camel-activemq-starter-3.12.0.jar;C:\Users\Nicolas\.m2\repository\org\apache\camel\camel-activemq\3.12.0\camel-activemq-3.12.0.jar;C:\Users\Nicolas\.m2\repository\org\apache\activemq\activemq-spring\5.16.3\activemq-spring-5.16.3.jar;C:\Users\Nicolas\.m2\repository\org\apache\xbean\xbean-spring\4.20\xbean-spring-4.20.jar;C:\Users\Nicolas\.m2\repository\org\apache\activemq\activemq-broker\5.16.3\activemq-broker-5.16.3.jar;C:\Users\Nicolas\.m2\repository\org\apache\activemq\activemq-openwire-legacy\5.16.3\activemq-openwire-legacy-5.16.3.jar;C:\Users\Nicolas\.m2\repository\org\apache\geronimo\specs\geronimo-jta_1.1_spec\1.1.1\geronimo-jta_1.1_spec-1.1.1.jar;C:\Users\Nicolas\.m2\repository\org\apache\commons\commons-pool2\2.9.0\commons-pool2-2.9.0.jar;C:\Users\Nicolas\.m2\repository\org\apache\activemq\activemq-pool\5.16.3\activemq-pool-5.16.3.jar;C:\Users\Nicolas\.m2\repository\org\apache\activemq\activemq-jms-pool\5.16.3\activemq-jms-pool-5.16.3.jar;C:\Users\Nicolas\.m2\repository\org\apache\geronimo\specs\geronimo-jms_1.1_spec\1.1.1\geronimo-jms_1.1_spec-1.1.1.jar;C:\Users\Nicolas\.m2\repository\org\apache\activemq\activemq-client\5.16.3\activemq-client-5.16.3.jar;C:\Users\Nicolas\.m2\repository\org\fusesource\hawtbuf\hawtbuf\1.11\hawtbuf-1.11.jar;C:\Users\Nicolas\.m2\repository\org\apache\geronimo\specs\geronimo-j2ee-management_1.1_spec\1.0.1\geronimo-j2ee-management_1.1_spec-1.0.1.jar;C:\Users\Nicolas\.m2\repository\org\apache\camel\camel-jms\3.12.0\camel-jms-3.12.0.jar;C:\Users\Nicolas\.m2\repository\org\springframework\spring-jms\5.3.10\spring-jms-5.3.10.jar;C:\Users\Nicolas\.m2\repository\org\springframework\spring-messaging\5.3.10\spring-messaging-5.3.10.jar;C:\Users\Nicolas\.m2\repository\org\springframework\spring-context\5.3.10\spring-context-5.3.10.jar;C:\Users\Nicolas\.m2\repository\org\springframework\spring-tx\5.3.10\spring-tx-5.3.10.jar;C:\Users\Nicolas\.m2\repository\org\springframework\spring-beans\5.3.10\spring-beans-5.3.10.jar;C:\Users\Nicolas\.m2\repository\org\apache\geronimo\specs\geronimo-jms_2.0_spec\1.0-alpha-2\geronimo-jms_2.0_spec-1.0-alpha-2.jar;C:\Users\Nicolas\.m2\repository\tech\jhipster\jhipster-framework\7.3.1\jhipster-framework-7.3.1.jar;C:\Users\Nicolas\.m2\repository\org\springframework\spring-context-support\5.3.10\spring-context-support-5.3.10.jar;C:\Users\Nicolas\.m2\repository\org\springframework\boot\spring-boot-starter-validation\2.5.5\spring-boot-starter-validation-2.5.5.jar;C:\Users\Nicolas\.m2\repository\org\springframework\boot\spring-boot-autoconfigure\2.5.5\spring-boot-autoconfigure-2.5.5.jar;C:\Users\Nicolas\.m2\repository\org\springframework\boot\spring-boot-starter-aop\2.5.5\spring-boot-starter-aop-2.5.5.jar;C:\Users\Nicolas\.m2\repository\org\aspectj\aspectjweaver\1.9.7\aspectjweaver-1.9.7.jar;C:\Users\Nicolas\.m2\repository\net\logstash\logback\logstash-logback-encoder\6.6\logstash-logback-encoder-6.6.jar;C:\Users\Nicolas\.m2\repository\javax\annotation\javax.annotation-api\1.3.2\javax.annotation-api-1.3.2.jar;C:\Users\Nicolas\.m2\repository\org\springframework\boot\spring-boot-starter-cache\2.5.5\spring-boot-starter-cache-2.5.5.jar;C:\Users\Nicolas\.m2\repository\com\fasterxml\jackson\module\jackson-module-jaxb-annotations\2.12.5\jackson-module-jaxb-annotations-2.12.5.jar;C:\Users\Nicolas\.m2\repository\com\fasterxml\jackson\core\jackson-annotations\2.12.5\jackson-annotations-2.12.5.jar;C:\Users\Nicolas\.m2\repository\com\fasterxml\jackson\core\jackson-core\2.12.5\jackson-core-2.12.5.jar;C:\Users\Nicolas\.m2\repository\jakarta\xml\bind\jakarta.xml.bind-api\2.3.3\jakarta.xml.bind-api-2.3.3.jar;C:\Users\Nicolas\.m2\repository\jakarta\activation\jakarta.activation-api\1.2.2\jakarta.activation-api-1.2.2.jar;C:\Users\Nicolas\.m2\repository\com\fasterxml\jackson\datatype\jackson-datatype-hibernate5\2.12.5\jackson-datatype-hibernate5-2.12.5.jar;C:\Users\Nicolas\.m2\repository\javax\transaction\javax.transaction-api\1.3\javax.transaction-api-1.3.jar;C:\Users\Nicolas\.m2\repository\com\fasterxml\jackson\datatype\jackson-datatype-hppc\2.12.5\jackson-datatype-hppc-2.12.5.jar;C:\Users\Nicolas\.m2\repository\com\carrotsearch\hppc\0.8.1\hppc-0.8.1.jar;C:\Users\Nicolas\.m2\repository\com\fasterxml\jackson\datatype\jackson-datatype-jsr310\2.12.5\jackson-datatype-jsr310-2.12.5.jar;C:\Users\Nicolas\.m2\repository\com\h2database\h2\1.4.200\h2-1.4.200.jar;C:\Users\Nicolas\.m2\repository\com\hazelcast\hazelcast\4.1.5\hazelcast-4.1.5.jar;C:\Users\Nicolas\.m2\repository\com\hazelcast\hazelcast-hibernate53\2.2.1\hazelcast-hibernate53-2.2.1.jar;C:\Users\Nicolas\.m2\repository\com\github\ben-manes\caffeine\caffeine\2.9.2\caffeine-2.9.2.jar;C:\Users\Nicolas\.m2\repository\com\google\errorprone\error_prone_annotations\2.5.1\error_prone_annotations-2.5.1.jar;C:\Users\Nicolas\.m2\repository\com\hazelcast\hazelcast-spring\4.1.5\hazelcast-spring-4.1.5.jar;C:\Users\Nicolas\.m2\repository\io\springfox\springfox-oas\3.0.0\springfox-oas-3.0.0.jar;C:\Users\Nicolas\.m2\repository\io\swagger\core\v3\swagger-annotations\2.1.2\swagger-annotations-2.1.2.jar;C:\Users\Nicolas\.m2\repository\io\swagger\core\v3\swagger-models\2.1.2\swagger-models-2.1.2.jar;C:\Users\Nicolas\.m2\repository\io\springfox\springfox-spi\3.0.0\springfox-spi-3.0.0.jar;C:\Users\Nicolas\.m2\repository\io\springfox\springfox-schema\3.0.0\springfox-schema-3.0.0.jar;C:\Users\Nicolas\.m2\repository\io\springfox\springfox-core\3.0.0\springfox-core-3.0.0.jar;C:\Users\Nicolas\.m2\repository\io\springfox\springfox-spring-web\3.0.0\springfox-spring-web-3.0.0.jar;C:\Users\Nicolas\.m2\repository\io\github\classgraph\classgraph\4.8.83\classgraph-4.8.83.jar;C:\Users\Nicolas\.m2\repository\io\springfox\springfox-spring-webmvc\3.0.0\springfox-spring-webmvc-3.0.0.jar;C:\Users\Nicolas\.m2\repository\io\springfox\springfox-spring-webflux\3.0.0\springfox-spring-webflux-3.0.0.jar;C:\Users\Nicolas\.m2\repository\io\springfox\springfox-swagger-common\3.0.0\springfox-swagger-common-3.0.0.jar;C:\Users\Nicolas\.m2\repository\com\fasterxml\classmate\1.5.1\classmate-1.5.1.jar;C:\Users\Nicolas\.m2\repository\org\slf4j\slf4j-api\1.7.32\slf4j-api-1.7.32.jar;C:\Users\Nicolas\.m2\repository\org\springframework\plugin\spring-plugin-core\2.0.0.RELEASE\spring-plugin-core-2.0.0.RELEASE.jar;C:\Users\Nicolas\.m2\repository\org\springframework\plugin\spring-plugin-metadata\2.0.0.RELEASE\spring-plugin-metadata-2.0.0.RELEASE.jar;C:\Users\Nicolas\.m2\repository\io\springfox\springfox-swagger2\3.0.0\springfox-swagger2-3.0.0.jar;C:\Users\Nicolas\.m2\repository\io\swagger\swagger-annotations\1.5.20\swagger-annotations-1.5.20.jar;C:\Users\Nicolas\.m2\repository\io\swagger\swagger-models\1.5.20\swagger-models-1.5.20.jar;C:\Users\Nicolas\.m2\repository\io\springfox\springfox-bean-validators\3.0.0\springfox-bean-validators-3.0.0.jar;C:\Users\Nicolas\.m2\repository\com\zaxxer\HikariCP\4.0.3\HikariCP-4.0.3.jar;C:\Users\Nicolas\.m2\repository\org\apache\commons\commons-lang3\3.12.0\commons-lang3-3.12.0.jar;C:\Users\Nicolas\.m2\repository\org\testcontainers\postgresql\1.16.0\postgresql-1.16.0.jar;C:\Users\Nicolas\.m2\repository\org\testcontainers\jdbc\1.16.0\jdbc-1.16.0.jar;C:\Users\Nicolas\.m2\repository\org\testcontainers\database-commons\1.16.0\database-commons-1.16.0.jar;C:\Users\Nicolas\.m2\repository\org\testcontainers\testcontainers\1.16.0\testcontainers-1.16.0.jar;C:\Users\Nicolas\.m2\repository\junit\junit\4.13.2\junit-4.13.2.jar;C:\Users\Nicolas\.m2\repository\org\hamcrest\hamcrest-core\2.2\hamcrest-core-2.2.jar;C:\Users\Nicolas\.m2\repository\org\rnorth\duct-tape\duct-tape\1.0.8\duct-tape-1.0.8.jar;C:\Users\Nicolas\.m2\repository\com\github\docker-java\docker-java-api\3.2.11\docker-java-api-3.2.11.jar;C:\Users\Nicolas\.m2\repository\com\github\docker-java\docker-java-transport-zerodep\3.2.11\docker-java-transport-zerodep-3.2.11.jar;C:\Users\Nicolas\.m2\repository\com\github\docker-java\docker-java-transport\3.2.11\docker-java-transport-3.2.11.jar;C:\Users\Nicolas\.m2\repository\net\java\dev\jna\jna\5.8.0\jna-5.8.0.jar;C:\Users\Nicolas\.m2\repository\javax\cache\cache-api\1.1.1\cache-api-1.1.1.jar;C:\Users\Nicolas\.m2\repository\org\hibernate\hibernate-jpamodelgen\5.4.32.Final\hibernate-jpamodelgen-5.4.32.Final.jar;C:\Users\Nicolas\.m2\repository\org\jboss\logging\jboss-logging\3.4.2.Final\jboss-logging-3.4.2.Final.jar;C:\Users\Nicolas\.m2\repository\javax\xml\bind\jaxb-api\2.3.1\jaxb-api-2.3.1.jar;C:\Users\Nicolas\.m2\repository\org\glassfish\jaxb\jaxb-runtime\2.3.5\jaxb-runtime-2.3.5.jar;C:\Users\Nicolas\.m2\repository\org\glassfish\jaxb\txw2\2.3.5\txw2-2.3.5.jar;C:\Users\Nicolas\.m2\repository\com\sun\istack\istack-commons-runtime\3.0.12\istack-commons-runtime-3.0.12.jar;C:\Users\Nicolas\.m2\repository\com\sun\activation\jakarta.activation\1.2.2\jakarta.activation-1.2.2.jar;C:\Users\Nicolas\.m2\repository\org\hibernate\hibernate-core\5.4.32.Final\hibernate-core-5.4.32.Final.jar;C:\Users\Nicolas\.m2\repository\javax\persistence\javax.persistence-api\2.2\javax.persistence-api-2.2.jar;C:\Users\Nicolas\.m2\repository\org\javassist\javassist\3.27.0-GA\javassist-3.27.0-GA.jar;C:\Users\Nicolas\.m2\repository\net\bytebuddy\byte-buddy\1.10.22\byte-buddy-1.10.22.jar;C:\Users\Nicolas\.m2\repository\antlr\antlr\2.7.7\antlr-2.7.7.jar;C:\Users\Nicolas\.m2\repository\org\jboss\spec\javax\transaction\jboss-transaction-api_1.2_spec\1.1.1.Final\jboss-transaction-api_1.2_spec-1.1.1.Final.jar;C:\Users\Nicolas\.m2\repository\org\jboss\jandex\2.2.3.Final\jandex-2.2.3.Final.jar;C:\Users\Nicolas\.m2\repository\javax\activation\javax.activation-api\1.2.0\javax.activation-api-1.2.0.jar;C:\Users\Nicolas\.m2\repository\org\dom4j\dom4j\2.1.3\dom4j-2.1.3.jar;C:\Users\Nicolas\.m2\repository\org\hibernate\common\hibernate-commons-annotations\5.1.2.Final\hibernate-commons-annotations-5.1.2.Final.jar;C:\Users\Nicolas\.m2\repository\org\hibernate\validator\hibernate-validator\6.2.0.Final\hibernate-validator-6.2.0.Final.jar;C:\Users\Nicolas\.m2\repository\jakarta\validation\jakarta.validation-api\2.0.2\jakarta.validation-api-2.0.2.jar;C:\Users\Nicolas\.m2\repository\org\liquibase\liquibase-core\4.5.0\liquibase-core-4.5.0.jar;C:\Users\Nicolas\.m2\repository\org\postgresql\postgresql\42.2.23\postgresql-42.2.23.jar;C:\Users\Nicolas\.m2\repository\org\checkerframework\checker-qual\3.5.0\checker-qual-3.5.0.jar;C:\Users\Nicolas\.m2\repository\org\mapstruct\mapstruct\1.4.2.Final\mapstruct-1.4.2.Final.jar;C:\Users\Nicolas\.m2\repository\org\mapstruct\mapstruct-processor\1.4.2.Final\mapstruct-processor-1.4.2.Final.jar;C:\Users\Nicolas\.m2\repository\org\springframework\boot\spring-boot-configuration-processor\2.5.5\spring-boot-configuration-processor-2.5.5.jar;C:\Users\Nicolas\.m2\repository\org\springframework\boot\spring-boot-loader-tools\2.5.5\spring-boot-loader-tools-2.5.5.jar;C:\Users\Nicolas\.m2\repository\org\apache\commons\commons-compress\1.20\commons-compress-1.20.jar;C:\Users\Nicolas\.m2\repository\org\springframework\spring-core\5.3.10\spring-core-5.3.10.jar;C:\Users\Nicolas\.m2\repository\org\springframework\spring-jcl\5.3.10\spring-jcl-5.3.10.jar;C:\Users\Nicolas\.m2\repository\org\springframework\boot\spring-boot-starter-actuator\2.5.5\spring-boot-starter-actuator-2.5.5.jar;C:\Users\Nicolas\.m2\repository\org\springframework\boot\spring-boot-actuator-autoconfigure\2.5.5\spring-boot-actuator-autoconfigure-2.5.5.jar;C:\Users\Nicolas\.m2\repository\org\springframework\boot\spring-boot-actuator\2.5.5\spring-boot-actuator-2.5.5.jar;C:\Users\Nicolas\.m2\repository\io\micrometer\micrometer-core\1.7.4\micrometer-core-1.7.4.jar;C:\Users\Nicolas\.m2\repository\org\hdrhistogram\HdrHistogram\2.1.12\HdrHistogram-2.1.12.jar;C:\Users\Nicolas\.m2\repository\org\latencyutils\LatencyUtils\2.0.3\LatencyUtils-2.0.3.jar;C:\Users\Nicolas\.m2\repository\org\springframework\boot\spring-boot-starter-data-jpa\2.5.5\spring-boot-starter-data-jpa-2.5.5.jar;C:\Users\Nicolas\.m2\repository\org\springframework\boot\spring-boot-starter-jdbc\2.5.5\spring-boot-starter-jdbc-2.5.5.jar;C:\Users\Nicolas\.m2\repository\org\springframework\spring-jdbc\5.3.10\spring-jdbc-5.3.10.jar;C:\Users\Nicolas\.m2\repository\jakarta\transaction\jakarta.transaction-api\1.3.3\jakarta.transaction-api-1.3.3.jar;C:\Users\Nicolas\.m2\repository\jakarta\persistence\jakarta.persistence-api\2.2.3\jakarta.persistence-api-2.2.3.jar;C:\Users\Nicolas\.m2\repository\org\springframework\data\spring-data-jpa\2.5.5\spring-data-jpa-2.5.5.jar;C:\Users\Nicolas\.m2\repository\org\springframework\spring-orm\5.3.10\spring-orm-5.3.10.jar;C:\Users\Nicolas\.m2\repository\org\springframework\spring-aspects\5.3.10\spring-aspects-5.3.10.jar;C:\Users\Nicolas\.m2\repository\org\springframework\boot\spring-boot-starter-logging\2.5.5\spring-boot-starter-logging-2.5.5.jar;C:\Users\Nicolas\.m2\repository\ch\qos\logback\logback-classic\1.2.6\logback-classic-1.2.6.jar;C:\Users\Nicolas\.m2\repository\ch\qos\logback\logback-core\1.2.6\logback-core-1.2.6.jar;C:\Users\Nicolas\.m2\repository\org\apache\logging\log4j\log4j-to-slf4j\2.14.1\log4j-to-slf4j-2.14.1.jar;C:\Users\Nicolas\.m2\repository\org\apache\logging\log4j\log4j-api\2.14.1\log4j-api-2.14.1.jar;C:\Users\Nicolas\.m2\repository\org\slf4j\jul-to-slf4j\1.7.32\jul-to-slf4j-1.7.32.jar;C:\Users\Nicolas\.m2\repository\org\springframework\boot\spring-boot-starter-mail\2.5.5\spring-boot-starter-mail-2.5.5.jar;C:\Users\Nicolas\.m2\repository\com\sun\mail\jakarta.mail\1.6.7\jakarta.mail-1.6.7.jar;C:\Users\Nicolas\.m2\repository\org\springframework\boot\spring-boot-starter-security\2.5.5\spring-boot-starter-security-2.5.5.jar;C:\Users\Nicolas\.m2\repository\org\springframework\spring-aop\5.3.10\spring-aop-5.3.10.jar;C:\Users\Nicolas\.m2\repository\org\springframework\security\spring-security-config\5.5.2\spring-security-config-5.5.2.jar;C:\Users\Nicolas\.m2\repository\org\springframework\security\spring-security-web\5.5.2\spring-security-web-5.5.2.jar;C:\Users\Nicolas\.m2\repository\org\springframework\spring-expression\5.3.10\spring-expression-5.3.10.jar;C:\Users\Nicolas\.m2\repository\org\springframework\boot\spring-boot-starter-thymeleaf\2.5.5\spring-boot-starter-thymeleaf-2.5.5.jar;C:\Users\Nicolas\.m2\repository\org\thymeleaf\thymeleaf-spring5\3.0.12.RELEASE\thymeleaf-spring5-3.0.12.RELEASE.jar;C:\Users\Nicolas\.m2\repository\org\thymeleaf\thymeleaf\3.0.12.RELEASE\thymeleaf-3.0.12.RELEASE.jar;C:\Users\Nicolas\.m2\repository\org\attoparser\attoparser\2.0.5.RELEASE\attoparser-2.0.5.RELEASE.jar;C:\Users\Nicolas\.m2\repository\org\unbescape\unbescape\1.1.6.RELEASE\unbescape-1.1.6.RELEASE.jar;C:\Users\Nicolas\.m2\repository\org\thymeleaf\extras\thymeleaf-extras-java8time\3.0.4.RELEASE\thymeleaf-extras-java8time-3.0.4.RELEASE.jar;C:\Users\Nicolas\.m2\repository\org\springframework\boot\spring-boot-starter-web\2.5.5\spring-boot-starter-web-2.5.5.jar;C:\Users\Nicolas\.m2\repository\org\springframework\boot\spring-boot-starter-json\2.5.5\spring-boot-starter-json-2.5.5.jar;C:\Users\Nicolas\.m2\repository\com\fasterxml\jackson\datatype\jackson-datatype-jdk8\2.12.5\jackson-datatype-jdk8-2.12.5.jar;C:\Users\Nicolas\.m2\repository\com\fasterxml\jackson\module\jackson-module-parameter-names\2.12.5\jackson-module-parameter-names-2.12.5.jar;C:\Users\Nicolas\.m2\repository\org\springframework\spring-web\5.3.10\spring-web-5.3.10.jar;C:\Users\Nicolas\.m2\repository\org\springframework\spring-webmvc\5.3.10\spring-webmvc-5.3.10.jar;C:\Users\Nicolas\.m2\repository\org\springframework\boot\spring-boot-starter-test\2.5.5\spring-boot-starter-test-2.5.5.jar;C:\Users\Nicolas\.m2\repository\org\springframework\boot\spring-boot-test-autoconfigure\2.5.5\spring-boot-test-autoconfigure-2.5.5.jar;C:\Users\Nicolas\.m2\repository\com\jayway\jsonpath\json-path\2.5.0\json-path-2.5.0.jar;C:\Users\Nicolas\.m2\repository\net\minidev\json-smart\2.4.7\json-smart-2.4.7.jar;C:\Users\Nicolas\.m2\repository\net\minidev\accessors-smart\2.4.7\accessors-smart-2.4.7.jar;C:\Users\Nicolas\.m2\repository\org\ow2\asm\asm\9.1\asm-9.1.jar;C:\Users\Nicolas\.m2\repository\org\assertj\assertj-core\3.19.0\assertj-core-3.19.0.jar;C:\Users\Nicolas\.m2\repository\org\hamcrest\hamcrest\2.2\hamcrest-2.2.jar;C:\Users\Nicolas\.m2\repository\org\junit\jupiter\junit-jupiter\5.7.2\junit-jupiter-5.7.2.jar;C:\Users\Nicolas\.m2\repository\org\junit\jupiter\junit-jupiter-api\5.7.2\junit-jupiter-api-5.7.2.jar;C:\Users\Nicolas\.m2\repository\org\opentest4j\opentest4j\1.2.0\opentest4j-1.2.0.jar;C:\Users\Nicolas\.m2\repository\org\junit\platform\junit-platform-commons\1.7.2\junit-platform-commons-1.7.2.jar;C:\Users\Nicolas\.m2\repository\org\junit\jupiter\junit-jupiter-params\5.7.2\junit-jupiter-params-5.7.2.jar;C:\Users\Nicolas\.m2\repository\org\junit\jupiter\junit-jupiter-engine\5.7.2\junit-jupiter-engine-5.7.2.jar;C:\Users\Nicolas\.m2\repository\org\mockito\mockito-core\3.9.0\mockito-core-3.9.0.jar;C:\Users\Nicolas\.m2\repository\net\bytebuddy\byte-buddy-agent\1.10.22\byte-buddy-agent-1.10.22.jar;C:\Users\Nicolas\.m2\repository\org\objenesis\objenesis\3.2\objenesis-3.2.jar;C:\Users\Nicolas\.m2\repository\org\mockito\mockito-junit-jupiter\3.9.0\mockito-junit-jupiter-3.9.0.jar;C:\Users\Nicolas\.m2\repository\org\skyscreamer\jsonassert\1.5.0\jsonassert-1.5.0.jar;C:\Users\Nicolas\.m2\repository\org\springframework\spring-test\5.3.10\spring-test-5.3.10.jar;C:\Users\Nicolas\.m2\repository\org\xmlunit\xmlunit-core\2.8.2\xmlunit-core-2.8.2.jar;C:\Users\Nicolas\.m2\repository\org\springframework\boot\spring-boot-test\2.5.5\spring-boot-test-2.5.5.jar;C:\Users\Nicolas\.m2\repository\org\springframework\boot\spring-boot\2.5.5\spring-boot-2.5.5.jar;C:\Users\Nicolas\.m2\repository\org\springframework\security\spring-security-test\5.5.2\spring-security-test-5.5.2.jar;C:\Users\Nicolas\.m2\repository\org\springframework\security\spring-security-core\5.5.2\spring-security-core-5.5.2.jar;C:\Users\Nicolas\.m2\repository\org\springframework\security\spring-security-crypto\5.5.2\spring-security-crypto-5.5.2.jar;C:\Users\Nicolas\.m2\repository\com\tngtech\archunit\archunit-junit5-api\0.21.0\archunit-junit5-api-0.21.0.jar;C:\Users\Nicolas\.m2\repository\com\tngtech\archunit\archunit\0.21.0\archunit-0.21.0.jar;C:\Users\Nicolas\.m2\repository\com\tngtech\archunit\archunit-junit5-engine\0.21.0\archunit-junit5-engine-0.21.0.jar;C:\Users\Nicolas\.m2\repository\com\tngtech\archunit\archunit-junit5-engine-api\0.21.0\archunit-junit5-engine-api-0.21.0.jar;C:\Users\Nicolas\.m2\repository\org\junit\platform\junit-platform-engine\1.7.2\junit-platform-engine-1.7.2.jar;C:\Users\Nicolas\.m2\repository\org\zalando\problem-spring-web\0.27.0\problem-spring-web-0.27.0.jar;C:\Users\Nicolas\.m2\repository\org\zalando\problem-violations\0.27.0\problem-violations-0.27.0.jar;C:\Users\Nicolas\.m2\repository\org\zalando\problem-spring-common\0.27.0\problem-spring-common-0.27.0.jar;C:\Users\Nicolas\.m2\repository\org\apiguardian\apiguardian-api\1.1.2\apiguardian-api-1.1.2.jar;C:\Users\Nicolas\.m2\repository\com\google\code\findbugs\jsr305\3.0.2\jsr305-3.0.2.jar;C:\Users\Nicolas\.m2\repository\org\zalando\problem\0.26.0\problem-0.26.0.jar;C:\Users\Nicolas\.m2\repository\org\zalando\jackson-datatype-problem\0.26.0\jackson-datatype-problem-0.26.0.jar;C:\Users\Nicolas\.m2\repository\org\zalando\faux-pas\0.9.0\faux-pas-0.9.0.jar;C:\Users\Nicolas\.m2\repository\javax\validation\validation-api\2.0.1.Final\validation-api-2.0.1.Final.jar;C:\Users\Nicolas\.m2\repository\io\jsonwebtoken\jjwt-api\0.11.2\jjwt-api-0.11.2.jar;C:\Users\Nicolas\.m2\repository\io\jsonwebtoken\jjwt-impl\0.11.2\jjwt-impl-0.11.2.jar;C:\Users\Nicolas\.m2\repository\io\jsonwebtoken\jjwt-jackson\0.11.2\jjwt-jackson-0.11.2.jar;C:\Users\Nicolas\.m2\repository\org\springframework\cloud\spring-cloud-starter\3.0.4\spring-cloud-starter-3.0.4.jar;C:\Users\Nicolas\.m2\repository\org\springframework\cloud\spring-cloud-context\3.0.4\spring-cloud-context-3.0.4.jar;C:\Users\Nicolas\.m2\repository\org\springframework\cloud\spring-cloud-commons\3.0.4\spring-cloud-commons-3.0.4.jar;C:\Users\Nicolas\.m2\repository\org\springframework\security\spring-security-rsa\1.0.10.RELEASE\spring-security-rsa-1.0.10.RELEASE.jar;C:\Users\Nicolas\.m2\repository\org\bouncycastle\bcpkix-jdk15on\1.68\bcpkix-jdk15on-1.68.jar;C:\Users\Nicolas\.m2\repository\org\bouncycastle\bcprov-jdk15on\1.68\bcprov-jdk15on-1.68.jar;C:\Users\Nicolas\.m2\repository\org\springframework\cloud\spring-cloud-starter-circuitbreaker-resilience4j\2.0.2\spring-cloud-starter-circuitbreaker-resilience4j-2.0.2.jar;C:\Users\Nicolas\.m2\repository\org\springframework\cloud\spring-cloud-circuitbreaker-resilience4j\2.0.2\spring-cloud-circuitbreaker-resilience4j-2.0.2.jar;C:\Users\Nicolas\.m2\repository\io\github\resilience4j\resilience4j-spring-boot2\1.7.0\resilience4j-spring-boot2-1.7.0.jar;C:\Users\Nicolas\.m2\repository\io\github\resilience4j\resilience4j-spring\1.7.0\resilience4j-spring-1.7.0.jar;C:\Users\Nicolas\.m2\repository\io\github\resilience4j\resilience4j-annotations\1.7.0\resilience4j-annotations-1.7.0.jar;C:\Users\Nicolas\.m2\repository\io\github\resilience4j\resilience4j-consumer\1.7.0\resilience4j-consumer-1.7.0.jar;C:\Users\Nicolas\.m2\repository\io\github\resilience4j\resilience4j-circularbuffer\1.7.0\resilience4j-circularbuffer-1.7.0.jar;C:\Users\Nicolas\.m2\repository\io\github\resilience4j\resilience4j-framework-common\1.7.0\resilience4j-framework-common-1.7.0.jar;C:\Users\Nicolas\.m2\repository\io\github\resilience4j\resilience4j-ratelimiter\1.7.0\resilience4j-ratelimiter-1.7.0.jar;C:\Users\Nicolas\.m2\repository\io\github\resilience4j\resilience4j-retry\1.7.0\resilience4j-retry-1.7.0.jar;C:\Users\Nicolas\.m2\repository\io\github\resilience4j\resilience4j-micrometer\1.7.0\resilience4j-micrometer-1.7.0.jar;C:\Users\Nicolas\.m2\repository\io\github\resilience4j\resilience4j-circuitbreaker\1.7.0\resilience4j-circuitbreaker-1.7.0.jar;C:\Users\Nicolas\.m2\repository\io\vavr\vavr\0.10.2\vavr-0.10.2.jar;C:\Users\Nicolas\.m2\repository\io\vavr\vavr-match\0.10.2\vavr-match-0.10.2.jar;C:\Users\Nicolas\.m2\repository\io\github\resilience4j\resilience4j-core\1.7.0\resilience4j-core-1.7.0.jar;C:\Users\Nicolas\.m2\repository\io\github\resilience4j\resilience4j-timelimiter\1.7.0\resilience4j-timelimiter-1.7.0.jar;C:\Users\Nicolas\.m2\repository\org\springframework\retry\spring-retry\1.3.1\spring-retry-1.3.1.jar;C:\Users\Nicolas\.m2\repository\org\springframework\cloud\spring-cloud-starter-bootstrap\3.0.4\spring-cloud-starter-bootstrap-3.0.4.jar;C:\Users\Nicolas\.m2\repository\org\springframework\cloud\spring-cloud-starter-netflix-eureka-client\3.0.4\spring-cloud-starter-netflix-eureka-client-3.0.4.jar;C:\Users\Nicolas\.m2\repository\org\springframework\cloud\spring-cloud-netflix-eureka-client\3.0.4\spring-cloud-netflix-eureka-client-3.0.4.jar;C:\Users\Nicolas\.m2\repository\com\netflix\eureka\eureka-client\1.10.16\eureka-client-1.10.16.jar;C:\Users\Nicolas\.m2\repository\com\netflix\netflix-commons\netflix-eventbus\0.3.0\netflix-eventbus-0.3.0.jar;C:\Users\Nicolas\.m2\repository\com\netflix\netflix-commons\netflix-infix\0.3.0\netflix-infix-0.3.0.jar;C:\Users\Nicolas\.m2\repository\commons-jxpath\commons-jxpath\1.3\commons-jxpath-1.3.jar;C:\Users\Nicolas\.m2\repository\joda-time\joda-time\2.3\joda-time-2.3.jar;C:\Users\Nicolas\.m2\repository\org\antlr\antlr-runtime\3.4\antlr-runtime-3.4.jar;C:\Users\Nicolas\.m2\repository\org\antlr\stringtemplate\3.2.1\stringtemplate-3.2.1.jar;C:\Users\Nicolas\.m2\repository\com\google\code\gson\gson\2.8.8\gson-2.8.8.jar;C:\Users\Nicolas\.m2\repository\org\apache\commons\commons-math\2.2\commons-math-2.2.jar;C:\Users\Nicolas\.m2\repository\com\thoughtworks\xstream\xstream\1.4.18\xstream-1.4.18.jar;C:\Users\Nicolas\.m2\repository\io\github\x-stream\mxparser\1.2.2\mxparser-1.2.2.jar;C:\Users\Nicolas\.m2\repository\xmlpull\xmlpull\1.1.3.1\xmlpull-1.1.3.1.jar;C:\Users\Nicolas\.m2\repository\javax\ws\rs\jsr311-api\1.1.1\jsr311-api-1.1.1.jar;C:\Users\Nicolas\.m2\repository\com\netflix\servo\servo-core\0.12.21\servo-core-0.12.21.jar;C:\Users\Nicolas\.m2\repository\com\google\guava\guava\31.0.1-jre\guava-31.0.1-jre.jar;C:\Users\Nicolas\.m2\repository\com\google\guava\failureaccess\1.0.1\failureaccess-1.0.1.jar;C:\Users\Nicolas\.m2\repository\com\google\guava\listenablefuture\9999.0-empty-to-avoid-conflict-with-guava\listenablefuture-9999.0-empty-to-avoid-conflict-with-guava.jar;C:\Users\Nicolas\.m2\repository\com\google\j2objc\j2objc-annotations\1.3\j2objc-annotations-1.3.jar;C:\Users\Nicolas\.m2\repository\org\apache\httpcomponents\httpclient\4.5.13\httpclient-4.5.13.jar;C:\Users\Nicolas\.m2\repository\org\apache\httpcomponents\httpcore\4.4.14\httpcore-4.4.14.jar;C:\Users\Nicolas\.m2\repository\commons-codec\commons-codec\1.15\commons-codec-1.15.jar;C:\Users\Nicolas\.m2\repository\commons-configuration\commons-configuration\1.10\commons-configuration-1.10.jar;C:\Users\Nicolas\.m2\repository\commons-lang\commons-lang\2.6\commons-lang-2.6.jar;C:\Users\Nicolas\.m2\repository\com\google\inject\guice\4.1.0\guice-4.1.0.jar;C:\Users\Nicolas\.m2\repository\javax\inject\javax.inject\1\javax.inject-1.jar;C:\Users\Nicolas\.m2\repository\aopalliance\aopalliance\1.0\aopalliance-1.0.jar;C:\Users\Nicolas\.m2\repository\org\codehaus\jettison\jettison\1.4.0\jettison-1.4.0.jar;C:\Users\Nicolas\.m2\repository\com\netflix\eureka\eureka-core\1.10.16\eureka-core-1.10.16.jar;C:\Users\Nicolas\.m2\repository\com\fasterxml\woodstox\woodstox-core\6.2.1\woodstox-core-6.2.1.jar;C:\Users\Nicolas\.m2\repository\org\codehaus\woodstox\stax2-api\4.2.1\stax2-api-4.2.1.jar;C:\Users\Nicolas\.m2\repository\org\springframework\cloud\spring-cloud-starter-loadbalancer\3.0.4\spring-cloud-starter-loadbalancer-3.0.4.jar;C:\Users\Nicolas\.m2\repository\org\springframework\cloud\spring-cloud-loadbalancer\3.0.4\spring-cloud-loadbalancer-3.0.4.jar;C:\Users\Nicolas\.m2\repository\io\projectreactor\reactor-core\3.4.10\reactor-core-3.4.10.jar;C:\Users\Nicolas\.m2\repository\org\reactivestreams\reactive-streams\1.0.3\reactive-streams-1.0.3.jar;C:\Users\Nicolas\.m2\repository\io\projectreactor\addons\reactor-extra\3.4.5\reactor-extra-3.4.5.jar;C:\Users\Nicolas\.m2\repository\com\stoyanr\evictor\1.0.0\evictor-1.0.0.jar;C:\Users\Nicolas\.m2\repository\org\springframework\cloud\spring-cloud-starter-config\3.0.5\spring-cloud-starter-config-3.0.5.jar;C:\Users\Nicolas\.m2\repository\org\springframework\cloud\spring-cloud-config-client\3.0.5\spring-cloud-config-client-3.0.5.jar;C:\Users\Nicolas\.m2\repository\org\springframework\cloud\spring-cloud-starter-openfeign\3.0.4\spring-cloud-starter-openfeign-3.0.4.jar;C:\Users\Nicolas\.m2\repository\org\springframework\cloud\spring-cloud-openfeign-core\3.0.4\spring-cloud-openfeign-core-3.0.4.jar;C:\Users\Nicolas\.m2\repository\io\github\openfeign\form\feign-form-spring\3.8.0\feign-form-spring-3.8.0.jar;C:\Users\Nicolas\.m2\repository\io\github\openfeign\form\feign-form\3.8.0\feign-form-3.8.0.jar;C:\Users\Nicolas\.m2\repository\commons-fileupload\commons-fileupload\1.4\commons-fileupload-1.4.jar;C:\Users\Nicolas\.m2\repository\commons-io\commons-io\2.11.0\commons-io-2.11.0.jar;C:\Users\Nicolas\.m2\repository\io\github\openfeign\feign-core\10.12\feign-core-10.12.jar;C:\Users\Nicolas\.m2\repository\io\github\openfeign\feign-slf4j\10.12\feign-slf4j-10.12.jar;C:\Users\Nicolas\.m2\repository\org\springframework\security\spring-security-data\5.5.2\spring-security-data-5.5.2.jar;C:\Users\Nicolas\.m2\repository\org\springframework\data\spring-data-commons\2.5.5\spring-data-commons-2.5.5.jar;C:\Users\Nicolas\.m2\repository\io\micrometer\micrometer-registry-prometheus\1.7.4\micrometer-registry-prometheus-1.7.4.jar;C:\Users\Nicolas\.m2\repository\io\prometheus\simpleclient_common\0.10.0\simpleclient_common-0.10.0.jar;C:\Users\Nicolas\.m2\repository\io\prometheus\simpleclient\0.12.0\simpleclient-0.12.0.jar;C:\Users\Nicolas\.m2\repository\io\prometheus\simpleclient_tracer_otel\0.12.0\simpleclient_tracer_otel-0.12.0.jar;C:\Users\Nicolas\.m2\repository\io\prometheus\simpleclient_tracer_common\0.12.0\simpleclient_tracer_common-0.12.0.jar;C:\Users\Nicolas\.m2\repository\io\prometheus\simpleclient_tracer_otel_agent\0.12.0\simpleclient_tracer_otel_agent-0.12.0.jar;C:\Users\Nicolas\.m2\repository\io\dropwizard\metrics\metrics-core\4.1.25\metrics-core-4.1.25.jar;C:\Users\Nicolas\.m2\repository\org\springframework\boot\spring-boot-starter-undertow\2.5.5\spring-boot-starter-undertow-2.5.5.jar;C:\Users\Nicolas\.m2\repository\io\undertow\undertow-core\2.2.10.Final\undertow-core-2.2.10.Final.jar;C:\Users\Nicolas\.m2\repository\org\jboss\xnio\xnio-api\3.8.4.Final\xnio-api-3.8.4.Final.jar;C:\Users\Nicolas\.m2\repository\org\wildfly\common\wildfly-common\1.5.2.Final\wildfly-common-1.5.2.Final.jar;C:\Users\Nicolas\.m2\repository\org\wildfly\client\wildfly-client-config\1.0.1.Final\wildfly-client-config-1.0.1.Final.jar;C:\Users\Nicolas\.m2\repository\org\jboss\xnio\xnio-nio\3.8.4.Final\xnio-nio-3.8.4.Final.jar;C:\Users\Nicolas\.m2\repository\org\jboss\threads\jboss-threads\3.1.0.Final\jboss-threads-3.1.0.Final.jar;C:\Users\Nicolas\.m2\repository\io\undertow\undertow-servlet\2.2.10.Final\undertow-servlet-2.2.10.Final.jar;C:\Users\Nicolas\.m2\repository\org\jboss\spec\javax\annotation\jboss-annotations-api_1.3_spec\2.0.1.Final\jboss-annotations-api_1.3_spec-2.0.1.Final.jar;C:\Users\Nicolas\.m2\repository\io\undertow\undertow-websockets-jsr\2.2.10.Final\undertow-websockets-jsr-2.2.10.Final.jar;C:\Users\Nicolas\.m2\repository\org\jboss\spec\javax\websocket\jboss-websocket-api_1.1_spec\2.0.0.Final\jboss-websocket-api_1.1_spec-2.0.0.Final.jar;C:\Users\Nicolas\.m2\repository\jakarta\servlet\jakarta.servlet-api\4.0.4\jakarta.servlet-api-4.0.4.jar;C:\Users\Nicolas\.m2\repository\org\apache\tomcat\embed\tomcat-embed-el\9.0.53\tomcat-embed-el-9.0.53.jar;"/>
    <property name="sun.cpu.endian" value="little"/>
    <property name="user.home" value="C:\Users\Nicolas"/>
    <property name="user.language" value="fr"/>
    <property name="java.specification.vendor" value="Oracle Corporation"/>
    <property name="java.version.date" value="2021-07-20"/>
    <property name="java.home" value="C:\Program Files\Eclipse Foundation\jdk-11.0.12.7-hotspot"/>
    <property name="file.separator" value="\"/>
    <property name="basedir" value="C:\Users\Nicolas\Desktop\test6\statsService"/>
    <property name="java.vm.compressedOopsMode" value="32-bit"/>
    <property name="line.separator" value="&#10;"/>
    <property name="java.specification.name" value="Java Platform API Specification"/>
    <property name="java.vm.specification.vendor" value="Oracle Corporation"/>
    <property name="java.awt.graphicsenv" value="sun.awt.Win32GraphicsEnvironment"/>
    <property name="surefire.real.class.path" value="C:\Users\Nicolas\AppData\Local\Temp\surefire14350039038049176497\surefirebooter10247170113363622973.jar"/>
    <property name="user.script" value=""/>
    <property name="sun.management.compiler" value="HotSpot 64-Bit Tiered Compilers"/>
    <property name="java.runtime.version" value="11.0.12+7"/>
    <property name="user.name" value="Nicolas"/>
    <property name="path.separator" value=";"/>
    <property name="java.security.egd" value="file:/dev/./urandom"/>
    <property name="os.version" value="10.0"/>
    <property name="java.runtime.name" value="OpenJDK Runtime Environment"/>
    <property name="file.encoding" value="Cp1252"/>
    <property name="java.vm.name" value="OpenJDK 64-Bit Server VM"/>
    <property name="java.vendor.version" value="Temurin-11.0.12+7"/>
    <property name="localRepository" value="C:\Users\Nicolas\.m2\repository"/>
    <property name="java.vendor.url.bug" value="https://github.com/adoptium/adoptium-support/issues"/>
    <property name="java.io.tmpdir" value="C:\Users\Nicolas\AppData\Local\Temp\"/>
    <property name="java.version" value="11.0.12"/>
    <property name="user.dir" value="C:\Users\Nicolas\Desktop\test6\statsService"/>
    <property name="os.arch" value="amd64"/>
    <property name="java.vm.specification.name" value="Java Virtual Machine Specification"/>
    <property name="java.awt.printerjob" value="sun.awt.windows.WPrinterJob"/>
    <property name="sun.os.patch.level" value=""/>
    <property name="java.library.path" value="C:\Program Files\Eclipse Foundation\jdk-11.0.12.7-hotspot\bin;C:\WINDOWS\Sun\Java\bin;C:\WINDOWS\system32;C:\WINDOWS;C:/Users/Nicolas/.p2/pool/plugins/org.eclipse.justj.openjdk.hotspot.jre.full.win32.x86_64_16.0.2.v20210721-1149/jre/bin/server;C:/Users/Nicolas/.p2/pool/plugins/org.eclipse.justj.openjdk.hotspot.jre.full.win32.x86_64_16.0.2.v20210721-1149/jre/bin;C:\Program Files\Eclipse Foundation\jdk-11.0.12.7-hotspot\bin;C:\WINDOWS\system32;C:\WINDOWS;C:\WINDOWS\System32\Wbem;C:\WINDOWS\System32\WindowsPowerShell\v1.0\;C:\WINDOWS\System32\OpenSSH\;C:\Program Files\Git\cmd;C:\Program Files\PuTTY\;C:\Program Files\nodejs\;C:\ProgramData\chocolatey\bin;;C:\Program Files\Docker\Docker\resources\bin;C:\ProgramData\DockerDesktop\version-bin;C:\Program Files\MySQL\MySQL Shell 8.0\bin\;C:\Users\Nicolas\AppData\Local\Microsoft\WindowsApps;C:\Program Files (x86)\Nmap;C:\Users\Nicolas\AppData\Roaming\npm;C:\WINDOWS\System32;;."/>
    <property name="java.vm.info" value="mixed mode"/>
    <property name="java.vendor" value="Eclipse Foundation"/>
    <property name="java.vm.version" value="11.0.12+7"/>
    <property name="sun.io.unicode.encoding" value="UnicodeLittle"/>
    <property name="java.class.version" value="55.0"/>
  </properties>
  <testcase name="testJWTFilterInvalidToken" classname="com.reddot.stats.security.jwt.JWTFilterTest" time="0.099">
    <system-out><![CDATA[2021-10-26 01:27:11.910  INFO   --- [           main] c.r.stats.security.jwt.TokenProvider     : Invalid JWT token.
]]></system-out>
  </testcase>
  <testcase name="testJWTFilter" classname="com.reddot.stats.security.jwt.JWTFilterTest" time="8.301"/>
  <testcase name="testJWTFilterMissingAuthorization" classname="com.reddot.stats.security.jwt.JWTFilterTest" time="0.013"/>
  <testcase name="testJWTFilterMissingToken" classname="com.reddot.stats.security.jwt.JWTFilterTest" time="0.009"/>
  <testcase name="testJWTFilterWrongScheme" classname="com.reddot.stats.security.jwt.JWTFilterTest" time="0.011"/>
</testsuite>